{"C:\\www\\tarefas_ttd_jest\\src\\exceptions\\CustomException.ts": {"path":"C:\\www\\tarefas_ttd_jest\\src\\exceptions\\CustomException.ts","all":false,"statementMap":{"0":{"start":{"line":1,"column":0},"end":{"line":1,"column":44}},"1":{"start":{"line":2,"column":0},"end":{"line":2,"column":15}},"2":{"start":{"line":3,"column":0},"end":{"line":3,"column":0}},"3":{"start":{"line":4,"column":0},"end":{"line":4,"column":52}},"4":{"start":{"line":5,"column":0},"end":{"line":5,"column":19}},"5":{"start":{"line":6,"column":0},"end":{"line":6,"column":0}},"6":{"start":{"line":7,"column":0},"end":{"line":7,"column":34}},"7":{"start":{"line":8,"column":0},"end":{"line":8,"column":21}},"8":{"start":{"line":9,"column":0},"end":{"line":9,"column":3}},"9":{"start":{"line":10,"column":0},"end":{"line":10,"column":1}}},"s":{"0":1,"1":1,"2":1,"3":1,"4":10,"5":10,"6":10,"7":10,"8":10,"9":1},"branchMap":{"0":{"type":"branch","line":1,"loc":{"start":{"line":1,"column":13},"end":{"line":1,"column":28}},"locations":[{"start":{"line":1,"column":13},"end":{"line":1,"column":28}}]},"1":{"type":"branch","line":4,"loc":{"start":{"line":4,"column":2},"end":{"line":9,"column":3}},"locations":[{"start":{"line":4,"column":2},"end":{"line":9,"column":3}}]}},"b":{"0":[10],"1":[10]},"fnMap":{"0":{"name":"get","decl":{"start":{"line":1,"column":13},"end":{"line":1,"column":28}},"loc":{"start":{"line":1,"column":13},"end":{"line":1,"column":28}},"line":1},"1":{"name":"CustomException","decl":{"start":{"line":4,"column":2},"end":{"line":9,"column":3}},"loc":{"start":{"line":4,"column":2},"end":{"line":9,"column":3}},"line":4}},"f":{"0":10,"1":10}}
,"C:\\www\\tarefas_ttd_jest\\src\\repositories\\InMemory\\TaskRepositoryInMemory.ts": {"path":"C:\\www\\tarefas_ttd_jest\\src\\repositories\\InMemory\\TaskRepositoryInMemory.ts","all":false,"statementMap":{"0":{"start":{"line":1,"column":0},"end":{"line":1,"column":28}},"1":{"start":{"line":2,"column":0},"end":{"line":2,"column":0}},"2":{"start":{"line":3,"column":0},"end":{"line":3,"column":43}},"3":{"start":{"line":4,"column":0},"end":{"line":4,"column":64}},"4":{"start":{"line":5,"column":0},"end":{"line":5,"column":0}},"5":{"start":{"line":6,"column":0},"end":{"line":6,"column":72}},"6":{"start":{"line":7,"column":0},"end":{"line":7,"column":28}},"7":{"start":{"line":8,"column":0},"end":{"line":8,"column":0}},"8":{"start":{"line":9,"column":0},"end":{"line":9,"column":28}},"9":{"start":{"line":10,"column":0},"end":{"line":10,"column":34}},"10":{"start":{"line":11,"column":0},"end":{"line":11,"column":32}},"11":{"start":{"line":12,"column":0},"end":{"line":12,"column":26}},"12":{"start":{"line":13,"column":0},"end":{"line":13,"column":16}},"13":{"start":{"line":14,"column":0},"end":{"line":14,"column":3}},"14":{"start":{"line":15,"column":0},"end":{"line":15,"column":0}},"15":{"start":{"line":16,"column":0},"end":{"line":16,"column":53}},"16":{"start":{"line":17,"column":0},"end":{"line":17,"column":36}},"17":{"start":{"line":18,"column":0},"end":{"line":18,"column":70}},"18":{"start":{"line":19,"column":0},"end":{"line":19,"column":6}},"19":{"start":{"line":20,"column":0},"end":{"line":20,"column":0}},"20":{"start":{"line":21,"column":0},"end":{"line":21,"column":42}},"21":{"start":{"line":22,"column":0},"end":{"line":22,"column":3}},"22":{"start":{"line":23,"column":0},"end":{"line":23,"column":0}},"23":{"start":{"line":24,"column":0},"end":{"line":24,"column":32}},"24":{"start":{"line":25,"column":0},"end":{"line":25,"column":63}},"25":{"start":{"line":26,"column":0},"end":{"line":26,"column":0}},"26":{"start":{"line":27,"column":0},"end":{"line":27,"column":65}},"27":{"start":{"line":28,"column":0},"end":{"line":28,"column":0}},"28":{"start":{"line":29,"column":0},"end":{"line":29,"column":16}},"29":{"start":{"line":30,"column":0},"end":{"line":30,"column":3}},"30":{"start":{"line":31,"column":0},"end":{"line":31,"column":0}},"31":{"start":{"line":32,"column":0},"end":{"line":32,"column":43}},"32":{"start":{"line":33,"column":0},"end":{"line":33,"column":26}},"33":{"start":{"line":34,"column":0},"end":{"line":34,"column":0}},"34":{"start":{"line":35,"column":0},"end":{"line":35,"column":43}},"35":{"start":{"line":36,"column":0},"end":{"line":36,"column":32}},"36":{"start":{"line":37,"column":0},"end":{"line":37,"column":30}},"37":{"start":{"line":38,"column":0},"end":{"line":38,"column":44}},"38":{"start":{"line":39,"column":0},"end":{"line":39,"column":38}},"39":{"start":{"line":40,"column":0},"end":{"line":40,"column":30}},"40":{"start":{"line":41,"column":0},"end":{"line":41,"column":0}},"41":{"start":{"line":42,"column":0},"end":{"line":42,"column":27}},"42":{"start":{"line":43,"column":0},"end":{"line":43,"column":7}},"43":{"start":{"line":44,"column":0},"end":{"line":44,"column":18}},"44":{"start":{"line":45,"column":0},"end":{"line":45,"column":7}},"45":{"start":{"line":46,"column":0},"end":{"line":46,"column":0}},"46":{"start":{"line":47,"column":0},"end":{"line":47,"column":23}},"47":{"start":{"line":48,"column":0},"end":{"line":48,"column":3}},"48":{"start":{"line":49,"column":0},"end":{"line":49,"column":1}}},"s":{"0":1,"1":1,"2":1,"3":1,"4":1,"5":1,"6":1,"7":1,"8":1,"9":16,"10":16,"11":16,"12":16,"13":16,"14":1,"15":1,"16":2,"17":2,"18":2,"19":2,"20":2,"21":2,"22":1,"23":1,"24":1,"25":1,"26":1,"27":1,"28":1,"29":1,"30":1,"31":1,"32":1,"33":1,"34":1,"35":1,"36":1,"37":1,"38":1,"39":1,"40":1,"41":1,"42":1,"43":1,"44":1,"45":1,"46":1,"47":1,"48":1},"branchMap":{"0":{"type":"branch","line":6,"loc":{"start":{"line":6,"column":21},"end":{"line":6,"column":43}},"locations":[{"start":{"line":6,"column":21},"end":{"line":6,"column":43}}]},"1":{"type":"branch","line":9,"loc":{"start":{"line":9,"column":2},"end":{"line":14,"column":3}},"locations":[{"start":{"line":9,"column":2},"end":{"line":14,"column":3}}]},"2":{"type":"branch","line":16,"loc":{"start":{"line":16,"column":2},"end":{"line":22,"column":3}},"locations":[{"start":{"line":16,"column":2},"end":{"line":22,"column":3}}]},"3":{"type":"branch","line":18,"loc":{"start":{"line":18,"column":6},"end":{"line":18,"column":70}},"locations":[{"start":{"line":18,"column":6},"end":{"line":18,"column":70}}]},"4":{"type":"branch","line":24,"loc":{"start":{"line":24,"column":2},"end":{"line":30,"column":3}},"locations":[{"start":{"line":24,"column":2},"end":{"line":30,"column":3}}]},"5":{"type":"branch","line":25,"loc":{"start":{"line":25,"column":33},"end":{"line":25,"column":61}},"locations":[{"start":{"line":25,"column":33},"end":{"line":25,"column":61}}]},"6":{"type":"branch","line":27,"loc":{"start":{"line":27,"column":35},"end":{"line":27,"column":63}},"locations":[{"start":{"line":27,"column":35},"end":{"line":27,"column":63}}]},"7":{"type":"branch","line":32,"loc":{"start":{"line":32,"column":2},"end":{"line":48,"column":3}},"locations":[{"start":{"line":32,"column":2},"end":{"line":48,"column":3}}]},"8":{"type":"branch","line":35,"loc":{"start":{"line":35,"column":32},"end":{"line":45,"column":6}},"locations":[{"start":{"line":35,"column":32},"end":{"line":45,"column":6}}]}},"b":{"0":[4],"1":[16],"2":[2],"3":[20],"4":[1],"5":[1],"6":[1],"7":[1],"8":[1]},"fnMap":{"0":{"name":"get","decl":{"start":{"line":6,"column":21},"end":{"line":6,"column":43}},"loc":{"start":{"line":6,"column":21},"end":{"line":6,"column":43}},"line":6},"1":{"name":"create","decl":{"start":{"line":9,"column":2},"end":{"line":14,"column":3}},"loc":{"start":{"line":9,"column":2},"end":{"line":14,"column":3}},"line":9},"2":{"name":"findByName","decl":{"start":{"line":16,"column":2},"end":{"line":22,"column":3}},"loc":{"start":{"line":16,"column":2},"end":{"line":22,"column":3}},"line":16},"3":{"name":"remove","decl":{"start":{"line":24,"column":2},"end":{"line":30,"column":3}},"loc":{"start":{"line":24,"column":2},"end":{"line":30,"column":3}},"line":24},"4":{"name":"update","decl":{"start":{"line":32,"column":2},"end":{"line":48,"column":3}},"loc":{"start":{"line":32,"column":2},"end":{"line":48,"column":3}},"line":32}},"f":{"0":4,"1":16,"2":2,"3":1,"4":1}}
,"C:\\www\\tarefas_ttd_jest\\src\\repositories\\InMemory\\UserRepositoryInMemory.ts": {"path":"C:\\www\\tarefas_ttd_jest\\src\\repositories\\InMemory\\UserRepositoryInMemory.ts","all":false,"statementMap":{"0":{"start":{"line":1,"column":0},"end":{"line":1,"column":43}},"1":{"start":{"line":2,"column":0},"end":{"line":2,"column":68}},"2":{"start":{"line":3,"column":0},"end":{"line":3,"column":28}},"3":{"start":{"line":4,"column":0},"end":{"line":4,"column":0}},"4":{"start":{"line":5,"column":0},"end":{"line":5,"column":64}},"5":{"start":{"line":6,"column":0},"end":{"line":6,"column":28}},"6":{"start":{"line":7,"column":0},"end":{"line":7,"column":0}},"7":{"start":{"line":8,"column":0},"end":{"line":8,"column":16}},"8":{"start":{"line":9,"column":0},"end":{"line":9,"column":20}},"9":{"start":{"line":10,"column":0},"end":{"line":10,"column":3}},"10":{"start":{"line":11,"column":0},"end":{"line":11,"column":0}},"11":{"start":{"line":12,"column":0},"end":{"line":12,"column":28}},"12":{"start":{"line":13,"column":0},"end":{"line":13,"column":34}},"13":{"start":{"line":14,"column":0},"end":{"line":14,"column":26}},"14":{"start":{"line":15,"column":0},"end":{"line":15,"column":0}},"15":{"start":{"line":16,"column":0},"end":{"line":16,"column":16}},"16":{"start":{"line":17,"column":0},"end":{"line":17,"column":3}},"17":{"start":{"line":18,"column":0},"end":{"line":18,"column":0}},"18":{"start":{"line":19,"column":0},"end":{"line":19,"column":31}},"19":{"start":{"line":20,"column":0},"end":{"line":20,"column":65}},"20":{"start":{"line":21,"column":0},"end":{"line":21,"column":0}},"21":{"start":{"line":22,"column":0},"end":{"line":22,"column":18}},"22":{"start":{"line":23,"column":0},"end":{"line":23,"column":3}},"23":{"start":{"line":24,"column":0},"end":{"line":24,"column":34}},"24":{"start":{"line":25,"column":0},"end":{"line":25,"column":63}},"25":{"start":{"line":26,"column":0},"end":{"line":26,"column":0}},"26":{"start":{"line":27,"column":0},"end":{"line":27,"column":16}},"27":{"start":{"line":28,"column":0},"end":{"line":28,"column":3}},"28":{"start":{"line":29,"column":0},"end":{"line":29,"column":0}},"29":{"start":{"line":30,"column":0},"end":{"line":30,"column":36}},"30":{"start":{"line":31,"column":0},"end":{"line":31,"column":65}},"31":{"start":{"line":32,"column":0},"end":{"line":32,"column":0}},"32":{"start":{"line":33,"column":0},"end":{"line":33,"column":16}},"33":{"start":{"line":34,"column":0},"end":{"line":34,"column":3}},"34":{"start":{"line":35,"column":0},"end":{"line":35,"column":0}},"35":{"start":{"line":36,"column":0},"end":{"line":36,"column":32}},"36":{"start":{"line":37,"column":0},"end":{"line":37,"column":63}},"37":{"start":{"line":38,"column":0},"end":{"line":38,"column":65}},"38":{"start":{"line":39,"column":0},"end":{"line":39,"column":0}},"39":{"start":{"line":40,"column":0},"end":{"line":40,"column":16}},"40":{"start":{"line":41,"column":0},"end":{"line":41,"column":3}},"41":{"start":{"line":42,"column":0},"end":{"line":42,"column":0}},"42":{"start":{"line":43,"column":0},"end":{"line":43,"column":64}},"43":{"start":{"line":44,"column":0},"end":{"line":44,"column":43}},"44":{"start":{"line":45,"column":0},"end":{"line":45,"column":31}},"45":{"start":{"line":46,"column":0},"end":{"line":46,"column":25}},"46":{"start":{"line":47,"column":0},"end":{"line":47,"column":33}},"47":{"start":{"line":48,"column":0},"end":{"line":48,"column":7}},"48":{"start":{"line":49,"column":0},"end":{"line":49,"column":0}},"49":{"start":{"line":50,"column":0},"end":{"line":50,"column":18}},"50":{"start":{"line":51,"column":0},"end":{"line":51,"column":7}},"51":{"start":{"line":52,"column":0},"end":{"line":52,"column":3}},"52":{"start":{"line":53,"column":0},"end":{"line":53,"column":1}}},"s":{"0":1,"1":1,"2":1,"3":1,"4":1,"5":1,"6":1,"7":1,"8":17,"9":17,"10":1,"11":1,"12":14,"13":14,"14":14,"15":14,"16":14,"17":1,"18":1,"19":8,"20":8,"21":8,"22":8,"23":1,"24":4,"25":4,"26":4,"27":4,"28":1,"29":1,"30":3,"31":3,"32":3,"33":3,"34":1,"35":1,"36":1,"37":1,"38":1,"39":1,"40":1,"41":1,"42":1,"43":1,"44":1,"45":1,"46":1,"47":1,"48":1,"49":1,"50":1,"51":1,"52":1},"branchMap":{"0":{"type":"branch","line":5,"loc":{"start":{"line":5,"column":13},"end":{"line":5,"column":35}},"locations":[{"start":{"line":5,"column":13},"end":{"line":5,"column":35}}]},"1":{"type":"branch","line":8,"loc":{"start":{"line":8,"column":2},"end":{"line":10,"column":3}},"locations":[{"start":{"line":8,"column":2},"end":{"line":10,"column":3}}]},"2":{"type":"branch","line":12,"loc":{"start":{"line":12,"column":2},"end":{"line":17,"column":3}},"locations":[{"start":{"line":12,"column":2},"end":{"line":17,"column":3}}]},"3":{"type":"branch","line":19,"loc":{"start":{"line":19,"column":2},"end":{"line":23,"column":3}},"locations":[{"start":{"line":19,"column":2},"end":{"line":23,"column":3}}]},"4":{"type":"branch","line":20,"loc":{"start":{"line":20,"column":33},"end":{"line":20,"column":63}},"locations":[{"start":{"line":20,"column":33},"end":{"line":20,"column":63}}]},"5":{"type":"branch","line":24,"loc":{"start":{"line":24,"column":2},"end":{"line":28,"column":3}},"locations":[{"start":{"line":24,"column":2},"end":{"line":28,"column":3}}]},"6":{"type":"branch","line":25,"loc":{"start":{"line":25,"column":33},"end":{"line":25,"column":61}},"locations":[{"start":{"line":25,"column":33},"end":{"line":25,"column":61}}]},"7":{"type":"branch","line":30,"loc":{"start":{"line":30,"column":2},"end":{"line":34,"column":3}},"locations":[{"start":{"line":30,"column":2},"end":{"line":34,"column":3}}]},"8":{"type":"branch","line":31,"loc":{"start":{"line":31,"column":33},"end":{"line":31,"column":63}},"locations":[{"start":{"line":31,"column":33},"end":{"line":31,"column":63}}]},"9":{"type":"branch","line":36,"loc":{"start":{"line":36,"column":2},"end":{"line":41,"column":3}},"locations":[{"start":{"line":36,"column":2},"end":{"line":41,"column":3}}]},"10":{"type":"branch","line":37,"loc":{"start":{"line":37,"column":33},"end":{"line":37,"column":61}},"locations":[{"start":{"line":37,"column":33},"end":{"line":37,"column":61}}]},"11":{"type":"branch","line":38,"loc":{"start":{"line":38,"column":35},"end":{"line":38,"column":63}},"locations":[{"start":{"line":38,"column":35},"end":{"line":38,"column":63}}]},"12":{"type":"branch","line":43,"loc":{"start":{"line":43,"column":2},"end":{"line":52,"column":3}},"locations":[{"start":{"line":43,"column":2},"end":{"line":52,"column":3}}]},"13":{"type":"branch","line":44,"loc":{"start":{"line":44,"column":32},"end":{"line":51,"column":6}},"locations":[{"start":{"line":44,"column":32},"end":{"line":51,"column":6}}]}},"b":{"0":[7],"1":[17],"2":[14],"3":[8],"4":[1],"5":[4],"6":[3],"7":[3],"8":[2],"9":[1],"10":[1],"11":[1],"12":[1],"13":[1]},"fnMap":{"0":{"name":"get","decl":{"start":{"line":5,"column":13},"end":{"line":5,"column":35}},"loc":{"start":{"line":5,"column":13},"end":{"line":5,"column":35}},"line":5},"1":{"name":"clearItems","decl":{"start":{"line":8,"column":2},"end":{"line":10,"column":3}},"loc":{"start":{"line":8,"column":2},"end":{"line":10,"column":3}},"line":8},"2":{"name":"create","decl":{"start":{"line":12,"column":2},"end":{"line":17,"column":3}},"loc":{"start":{"line":12,"column":2},"end":{"line":17,"column":3}},"line":12},"3":{"name":"exists","decl":{"start":{"line":19,"column":2},"end":{"line":23,"column":3}},"loc":{"start":{"line":19,"column":2},"end":{"line":23,"column":3}},"line":19},"4":{"name":"findById","decl":{"start":{"line":24,"column":2},"end":{"line":28,"column":3}},"loc":{"start":{"line":24,"column":2},"end":{"line":28,"column":3}},"line":24},"5":{"name":"findByEmail","decl":{"start":{"line":30,"column":2},"end":{"line":34,"column":3}},"loc":{"start":{"line":30,"column":2},"end":{"line":34,"column":3}},"line":30},"6":{"name":"remove","decl":{"start":{"line":36,"column":2},"end":{"line":41,"column":3}},"loc":{"start":{"line":36,"column":2},"end":{"line":41,"column":3}},"line":36},"7":{"name":"update","decl":{"start":{"line":43,"column":2},"end":{"line":52,"column":3}},"loc":{"start":{"line":43,"column":2},"end":{"line":52,"column":3}},"line":43}},"f":{"0":7,"1":17,"2":14,"3":8,"4":4,"5":3,"6":1,"7":1}}
,"C:\\www\\tarefas_ttd_jest\\src\\useCases\\authenticateUser\\AuthenticateUserUseCase.ts": {"path":"C:\\www\\tarefas_ttd_jest\\src\\useCases\\authenticateUser\\AuthenticateUserUseCase.ts","all":false,"statementMap":{"0":{"start":{"line":1,"column":0},"end":{"line":1,"column":31}},"1":{"start":{"line":2,"column":0},"end":{"line":2,"column":37}},"2":{"start":{"line":3,"column":0},"end":{"line":3,"column":84}},"3":{"start":{"line":4,"column":0},"end":{"line":4,"column":0}},"4":{"start":{"line":5,"column":0},"end":{"line":5,"column":38}},"5":{"start":{"line":6,"column":0},"end":{"line":6,"column":57}},"6":{"start":{"line":7,"column":0},"end":{"line":7,"column":0}},"7":{"start":{"line":8,"column":0},"end":{"line":8,"column":50}},"8":{"start":{"line":9,"column":0},"end":{"line":9,"column":30}},"9":{"start":{"line":10,"column":0},"end":{"line":10,"column":52}},"10":{"start":{"line":11,"column":0},"end":{"line":11,"column":5}},"11":{"start":{"line":12,"column":0},"end":{"line":12,"column":0}},"12":{"start":{"line":13,"column":0},"end":{"line":13,"column":62}},"13":{"start":{"line":14,"column":0},"end":{"line":14,"column":0}},"14":{"start":{"line":15,"column":0},"end":{"line":15,"column":57}},"15":{"start":{"line":16,"column":0},"end":{"line":16,"column":0}},"16":{"start":{"line":17,"column":0},"end":{"line":17,"column":57}},"17":{"start":{"line":18,"column":0},"end":{"line":18,"column":0}},"18":{"start":{"line":19,"column":0},"end":{"line":19,"column":69}},"19":{"start":{"line":20,"column":0},"end":{"line":20,"column":0}},"20":{"start":{"line":21,"column":0},"end":{"line":21,"column":21}},"21":{"start":{"line":22,"column":0},"end":{"line":22,"column":18}},"22":{"start":{"line":23,"column":0},"end":{"line":23,"column":24}},"23":{"start":{"line":24,"column":0},"end":{"line":24,"column":30}},"24":{"start":{"line":25,"column":0},"end":{"line":25,"column":6}},"25":{"start":{"line":26,"column":0},"end":{"line":26,"column":0}},"26":{"start":{"line":27,"column":0},"end":{"line":27,"column":60}},"27":{"start":{"line":28,"column":0},"end":{"line":28,"column":23}},"28":{"start":{"line":29,"column":0},"end":{"line":29,"column":7}},"29":{"start":{"line":30,"column":0},"end":{"line":30,"column":0}},"30":{"start":{"line":31,"column":0},"end":{"line":31,"column":33}},"31":{"start":{"line":32,"column":0},"end":{"line":32,"column":3}},"32":{"start":{"line":33,"column":0},"end":{"line":33,"column":1}}},"s":{"0":1,"1":1,"2":1,"3":1,"4":1,"5":1,"6":1,"7":1,"8":5,"9":2,"10":2,"11":3,"12":3,"13":3,"14":5,"15":2,"16":2,"17":2,"18":5,"19":1,"20":1,"21":1,"22":1,"23":1,"24":1,"25":1,"26":1,"27":1,"28":1,"29":1,"30":1,"31":1,"32":1},"branchMap":{"0":{"type":"branch","line":5,"loc":{"start":{"line":5,"column":13},"end":{"line":5,"column":36}},"locations":[{"start":{"line":5,"column":13},"end":{"line":5,"column":36}}]},"1":{"type":"branch","line":8,"loc":{"start":{"line":8,"column":2},"end":{"line":32,"column":3}},"locations":[{"start":{"line":8,"column":2},"end":{"line":32,"column":3}}]},"2":{"type":"branch","line":9,"loc":{"start":{"line":9,"column":14},"end":{"line":9,"column":27}},"locations":[{"start":{"line":9,"column":14},"end":{"line":9,"column":27}}]},"3":{"type":"branch","line":9,"loc":{"start":{"line":9,"column":29},"end":{"line":11,"column":5}},"locations":[{"start":{"line":9,"column":29},"end":{"line":11,"column":5}}]},"4":{"type":"branch","line":12,"loc":{"start":{"line":12,"column":-2},"end":{"line":15,"column":15}},"locations":[{"start":{"line":12,"column":-2},"end":{"line":15,"column":15}}]},"5":{"type":"branch","line":15,"loc":{"start":{"line":15,"column":15},"end":{"line":15,"column":57}},"locations":[{"start":{"line":15,"column":15},"end":{"line":15,"column":57}}]},"6":{"type":"branch","line":16,"loc":{"start":{"line":16,"column":-2},"end":{"line":19,"column":18}},"locations":[{"start":{"line":16,"column":-2},"end":{"line":19,"column":18}}]},"7":{"type":"branch","line":19,"loc":{"start":{"line":19,"column":18},"end":{"line":32,"column":3}},"locations":[{"start":{"line":19,"column":18},"end":{"line":32,"column":3}}]},"8":{"type":"branch","line":6,"loc":{"start":{"line":6,"column":2},"end":{"line":6,"column":57}},"locations":[{"start":{"line":6,"column":2},"end":{"line":6,"column":57}}]}},"b":{"0":[1],"1":[5],"2":[4],"3":[2],"4":[3],"5":[1],"6":[2],"7":[1],"8":[1]},"fnMap":{"0":{"name":"get","decl":{"start":{"line":5,"column":13},"end":{"line":5,"column":36}},"loc":{"start":{"line":5,"column":13},"end":{"line":5,"column":36}},"line":5},"1":{"name":"execute","decl":{"start":{"line":8,"column":2},"end":{"line":32,"column":3}},"loc":{"start":{"line":8,"column":2},"end":{"line":32,"column":3}},"line":8},"2":{"name":"AuthenticateUserUseCase","decl":{"start":{"line":6,"column":2},"end":{"line":6,"column":57}},"loc":{"start":{"line":6,"column":2},"end":{"line":6,"column":57}},"line":6}},"f":{"0":1,"1":5,"2":1}}
,"C:\\www\\tarefas_ttd_jest\\src\\useCases\\createTask\\CreateTaskUseCase.ts": {"path":"C:\\www\\tarefas_ttd_jest\\src\\useCases\\createTask\\CreateTaskUseCase.ts","all":false,"statementMap":{"0":{"start":{"line":1,"column":0},"end":{"line":1,"column":80}},"1":{"start":{"line":2,"column":0},"end":{"line":2,"column":55}},"2":{"start":{"line":3,"column":0},"end":{"line":3,"column":44}},"3":{"start":{"line":4,"column":0},"end":{"line":4,"column":0}},"4":{"start":{"line":5,"column":0},"end":{"line":5,"column":32}},"5":{"start":{"line":6,"column":0},"end":{"line":6,"column":57}},"6":{"start":{"line":7,"column":0},"end":{"line":7,"column":0}},"7":{"start":{"line":8,"column":0},"end":{"line":8,"column":79}},"8":{"start":{"line":9,"column":0},"end":{"line":9,"column":45}},"9":{"start":{"line":10,"column":0},"end":{"line":10,"column":0}},"10":{"start":{"line":11,"column":0},"end":{"line":11,"column":51}},"11":{"start":{"line":12,"column":0},"end":{"line":12,"column":11}},"12":{"start":{"line":13,"column":0},"end":{"line":13,"column":18}},"13":{"start":{"line":14,"column":0},"end":{"line":14,"column":15}},"14":{"start":{"line":15,"column":0},"end":{"line":15,"column":11}},"15":{"start":{"line":16,"column":0},"end":{"line":16,"column":7}},"16":{"start":{"line":17,"column":0},"end":{"line":17,"column":0}},"17":{"start":{"line":18,"column":0},"end":{"line":18,"column":16}},"18":{"start":{"line":19,"column":0},"end":{"line":19,"column":3}},"19":{"start":{"line":20,"column":0},"end":{"line":20,"column":1}}},"s":{"0":1,"1":1,"2":1,"3":1,"4":1,"5":1,"6":1,"7":1,"8":5,"9":5,"10":5,"11":5,"12":5,"13":5,"14":5,"15":5,"16":4,"17":4,"18":4,"19":1},"branchMap":{"0":{"type":"branch","line":5,"loc":{"start":{"line":5,"column":13},"end":{"line":5,"column":30}},"locations":[{"start":{"line":5,"column":13},"end":{"line":5,"column":30}}]},"1":{"type":"branch","line":8,"loc":{"start":{"line":8,"column":2},"end":{"line":19,"column":3}},"locations":[{"start":{"line":8,"column":2},"end":{"line":19,"column":3}}]},"2":{"type":"branch","line":17,"loc":{"start":{"line":17,"column":-2},"end":{"line":19,"column":3}},"locations":[{"start":{"line":17,"column":-2},"end":{"line":19,"column":3}}]},"3":{"type":"branch","line":6,"loc":{"start":{"line":6,"column":2},"end":{"line":6,"column":57}},"locations":[{"start":{"line":6,"column":2},"end":{"line":6,"column":57}}]}},"b":{"0":[1],"1":[5],"2":[4],"3":[1]},"fnMap":{"0":{"name":"get","decl":{"start":{"line":5,"column":13},"end":{"line":5,"column":30}},"loc":{"start":{"line":5,"column":13},"end":{"line":5,"column":30}},"line":5},"1":{"name":"execute","decl":{"start":{"line":8,"column":2},"end":{"line":19,"column":3}},"loc":{"start":{"line":8,"column":2},"end":{"line":19,"column":3}},"line":8},"2":{"name":"CreateTaskUseCase","decl":{"start":{"line":6,"column":2},"end":{"line":6,"column":57}},"loc":{"start":{"line":6,"column":2},"end":{"line":6,"column":57}},"line":6}},"f":{"0":1,"1":5,"2":1}}
,"C:\\www\\tarefas_ttd_jest\\src\\useCases\\createUser\\CreateUserUseCase.ts": {"path":"C:\\www\\tarefas_ttd_jest\\src\\useCases\\createUser\\CreateUserUseCase.ts","all":false,"statementMap":{"0":{"start":{"line":1,"column":0},"end":{"line":1,"column":84}},"1":{"start":{"line":2,"column":0},"end":{"line":2,"column":54}},"2":{"start":{"line":3,"column":0},"end":{"line":3,"column":8}},"3":{"start":{"line":4,"column":0},"end":{"line":4,"column":16}},"4":{"start":{"line":5,"column":0},"end":{"line":5,"column":16}},"5":{"start":{"line":6,"column":0},"end":{"line":6,"column":16}},"6":{"start":{"line":7,"column":0},"end":{"line":7,"column":32}},"7":{"start":{"line":8,"column":0},"end":{"line":8,"column":48}},"8":{"start":{"line":9,"column":0},"end":{"line":9,"column":0}},"9":{"start":{"line":10,"column":0},"end":{"line":10,"column":32}},"10":{"start":{"line":11,"column":0},"end":{"line":11,"column":57}},"11":{"start":{"line":12,"column":0},"end":{"line":12,"column":0}},"12":{"start":{"line":13,"column":0},"end":{"line":13,"column":17}},"13":{"start":{"line":14,"column":0},"end":{"line":14,"column":9}},"14":{"start":{"line":15,"column":0},"end":{"line":15,"column":13}},"15":{"start":{"line":16,"column":0},"end":{"line":16,"column":10}},"16":{"start":{"line":17,"column":0},"end":{"line":17,"column":13}},"17":{"start":{"line":18,"column":0},"end":{"line":18,"column":20}},"18":{"start":{"line":19,"column":0},"end":{"line":19,"column":21}},"19":{"start":{"line":20,"column":0},"end":{"line":20,"column":49}},"20":{"start":{"line":21,"column":0},"end":{"line":21,"column":44}},"21":{"start":{"line":22,"column":0},"end":{"line":22,"column":0}},"22":{"start":{"line":23,"column":0},"end":{"line":23,"column":39}},"23":{"start":{"line":24,"column":0},"end":{"line":24,"column":71}},"24":{"start":{"line":25,"column":0},"end":{"line":25,"column":5}},"25":{"start":{"line":26,"column":0},"end":{"line":26,"column":0}},"26":{"start":{"line":27,"column":0},"end":{"line":27,"column":38}},"27":{"start":{"line":28,"column":0},"end":{"line":28,"column":0}},"28":{"start":{"line":29,"column":0},"end":{"line":29,"column":38}},"29":{"start":{"line":30,"column":0},"end":{"line":30,"column":64}},"30":{"start":{"line":31,"column":0},"end":{"line":31,"column":5}},"31":{"start":{"line":32,"column":0},"end":{"line":32,"column":0}},"32":{"start":{"line":33,"column":0},"end":{"line":33,"column":30}},"33":{"start":{"line":34,"column":0},"end":{"line":34,"column":71}},"34":{"start":{"line":35,"column":0},"end":{"line":35,"column":5}},"35":{"start":{"line":36,"column":0},"end":{"line":36,"column":0}},"36":{"start":{"line":37,"column":0},"end":{"line":37,"column":76}},"37":{"start":{"line":38,"column":0},"end":{"line":38,"column":0}},"38":{"start":{"line":39,"column":0},"end":{"line":39,"column":50}},"39":{"start":{"line":40,"column":0},"end":{"line":40,"column":46}},"40":{"start":{"line":41,"column":0},"end":{"line":41,"column":5}},"41":{"start":{"line":42,"column":0},"end":{"line":42,"column":0}},"42":{"start":{"line":43,"column":0},"end":{"line":43,"column":56}},"43":{"start":{"line":44,"column":0},"end":{"line":44,"column":0}},"44":{"start":{"line":45,"column":0},"end":{"line":45,"column":54}},"45":{"start":{"line":46,"column":0},"end":{"line":46,"column":11}},"46":{"start":{"line":47,"column":0},"end":{"line":47,"column":15}},"47":{"start":{"line":48,"column":0},"end":{"line":48,"column":12}},"48":{"start":{"line":49,"column":0},"end":{"line":49,"column":34}},"49":{"start":{"line":50,"column":0},"end":{"line":50,"column":7}},"50":{"start":{"line":51,"column":0},"end":{"line":51,"column":0}},"51":{"start":{"line":52,"column":0},"end":{"line":52,"column":19}},"52":{"start":{"line":53,"column":0},"end":{"line":53,"column":3}},"53":{"start":{"line":54,"column":0},"end":{"line":54,"column":1}}},"s":{"0":1,"1":1,"2":1,"3":1,"4":1,"5":1,"6":1,"7":1,"8":1,"9":1,"10":1,"11":1,"12":1,"13":14,"14":14,"15":14,"16":14,"17":14,"18":14,"19":14,"20":14,"21":14,"22":14,"23":1,"24":1,"25":11,"26":11,"27":11,"28":14,"29":1,"30":1,"31":10,"32":14,"33":1,"34":1,"35":9,"36":9,"37":9,"38":14,"39":1,"40":1,"41":7,"42":7,"43":7,"44":7,"45":7,"46":7,"47":7,"48":7,"49":7,"50":7,"51":7,"52":7,"53":1},"branchMap":{"0":{"type":"branch","line":10,"loc":{"start":{"line":10,"column":13},"end":{"line":10,"column":30}},"locations":[{"start":{"line":10,"column":13},"end":{"line":10,"column":30}}]},"1":{"type":"branch","line":13,"loc":{"start":{"line":13,"column":2},"end":{"line":53,"column":3}},"locations":[{"start":{"line":13,"column":2},"end":{"line":53,"column":3}}]},"2":{"type":"branch","line":23,"loc":{"start":{"line":23,"column":38},"end":{"line":25,"column":5}},"locations":[{"start":{"line":23,"column":38},"end":{"line":25,"column":5}}]},"3":{"type":"branch","line":26,"loc":{"start":{"line":26,"column":-2},"end":{"line":29,"column":37}},"locations":[{"start":{"line":26,"column":-2},"end":{"line":29,"column":37}}]},"4":{"type":"branch","line":29,"loc":{"start":{"line":29,"column":37},"end":{"line":31,"column":5}},"locations":[{"start":{"line":29,"column":37},"end":{"line":31,"column":5}}]},"5":{"type":"branch","line":32,"loc":{"start":{"line":32,"column":-2},"end":{"line":33,"column":29}},"locations":[{"start":{"line":32,"column":-2},"end":{"line":33,"column":29}}]},"6":{"type":"branch","line":33,"loc":{"start":{"line":33,"column":29},"end":{"line":35,"column":5}},"locations":[{"start":{"line":33,"column":29},"end":{"line":35,"column":5}}]},"7":{"type":"branch","line":36,"loc":{"start":{"line":36,"column":-2},"end":{"line":39,"column":47}},"locations":[{"start":{"line":36,"column":-2},"end":{"line":39,"column":47}}]},"8":{"type":"branch","line":39,"loc":{"start":{"line":39,"column":47},"end":{"line":39,"column":49}},"locations":[{"start":{"line":39,"column":47},"end":{"line":39,"column":49}}]},"9":{"type":"branch","line":39,"loc":{"start":{"line":39,"column":49},"end":{"line":41,"column":5}},"locations":[{"start":{"line":39,"column":49},"end":{"line":41,"column":5}}]},"10":{"type":"branch","line":42,"loc":{"start":{"line":42,"column":-2},"end":{"line":53,"column":3}},"locations":[{"start":{"line":42,"column":-2},"end":{"line":53,"column":3}}]},"11":{"type":"branch","line":11,"loc":{"start":{"line":11,"column":2},"end":{"line":11,"column":57}},"locations":[{"start":{"line":11,"column":2},"end":{"line":11,"column":57}}]}},"b":{"0":[6],"1":[14],"2":[1],"3":[11],"4":[1],"5":[10],"6":[1],"7":[9],"8":[8],"9":[1],"10":[7],"11":[6]},"fnMap":{"0":{"name":"get","decl":{"start":{"line":10,"column":13},"end":{"line":10,"column":30}},"loc":{"start":{"line":10,"column":13},"end":{"line":10,"column":30}},"line":10},"1":{"name":"execute","decl":{"start":{"line":13,"column":2},"end":{"line":53,"column":3}},"loc":{"start":{"line":13,"column":2},"end":{"line":53,"column":3}},"line":13},"2":{"name":"CreateUserUseCase","decl":{"start":{"line":11,"column":2},"end":{"line":11,"column":57}},"loc":{"start":{"line":11,"column":2},"end":{"line":11,"column":57}},"line":11}},"f":{"0":6,"1":14,"2":6}}
,"C:\\www\\tarefas_ttd_jest\\src\\useCases\\findTasksByName\\FindTasksByNameUseCase.ts": {"path":"C:\\www\\tarefas_ttd_jest\\src\\useCases\\findTasksByName\\FindTasksByNameUseCase.ts","all":false,"statementMap":{"0":{"start":{"line":1,"column":0},"end":{"line":1,"column":80}},"1":{"start":{"line":2,"column":0},"end":{"line":2,"column":55}},"2":{"start":{"line":3,"column":0},"end":{"line":3,"column":0}},"3":{"start":{"line":4,"column":0},"end":{"line":4,"column":45}},"4":{"start":{"line":5,"column":0},"end":{"line":5,"column":57}},"5":{"start":{"line":6,"column":0},"end":{"line":6,"column":0}},"6":{"start":{"line":7,"column":0},"end":{"line":7,"column":54}},"7":{"start":{"line":8,"column":0},"end":{"line":8,"column":50}},"8":{"start":{"line":9,"column":0},"end":{"line":9,"column":0}},"9":{"start":{"line":10,"column":0},"end":{"line":10,"column":71}},"10":{"start":{"line":11,"column":0},"end":{"line":11,"column":0}},"11":{"start":{"line":12,"column":0},"end":{"line":12,"column":17}},"12":{"start":{"line":13,"column":0},"end":{"line":13,"column":3}},"13":{"start":{"line":14,"column":0},"end":{"line":14,"column":1}}},"s":{"0":1,"1":1,"2":1,"3":1,"4":1,"5":1,"6":1,"7":3,"8":3,"9":3,"10":2,"11":2,"12":2,"13":1},"branchMap":{"0":{"type":"branch","line":4,"loc":{"start":{"line":4,"column":21},"end":{"line":4,"column":43}},"locations":[{"start":{"line":4,"column":21},"end":{"line":4,"column":43}}]},"1":{"type":"branch","line":7,"loc":{"start":{"line":7,"column":2},"end":{"line":13,"column":3}},"locations":[{"start":{"line":7,"column":2},"end":{"line":13,"column":3}}]},"2":{"type":"branch","line":11,"loc":{"start":{"line":11,"column":-2},"end":{"line":13,"column":3}},"locations":[{"start":{"line":11,"column":-2},"end":{"line":13,"column":3}}]},"3":{"type":"branch","line":5,"loc":{"start":{"line":5,"column":2},"end":{"line":5,"column":57}},"locations":[{"start":{"line":5,"column":2},"end":{"line":5,"column":57}}]}},"b":{"0":[1],"1":[3],"2":[2],"3":[1]},"fnMap":{"0":{"name":"get","decl":{"start":{"line":4,"column":21},"end":{"line":4,"column":43}},"loc":{"start":{"line":4,"column":21},"end":{"line":4,"column":43}},"line":4},"1":{"name":"execute","decl":{"start":{"line":7,"column":2},"end":{"line":13,"column":3}},"loc":{"start":{"line":7,"column":2},"end":{"line":13,"column":3}},"line":7},"2":{"name":"FindTasksByNameUseCase","decl":{"start":{"line":5,"column":2},"end":{"line":5,"column":57}},"loc":{"start":{"line":5,"column":2},"end":{"line":5,"column":57}},"line":5}},"f":{"0":1,"1":3,"2":1}}
,"C:\\www\\tarefas_ttd_jest\\src\\useCases\\removeTask\\RemoveTaskUseCase.ts": {"path":"C:\\www\\tarefas_ttd_jest\\src\\useCases\\removeTask\\RemoveTaskUseCase.ts","all":false,"statementMap":{"0":{"start":{"line":1,"column":0},"end":{"line":1,"column":80}},"1":{"start":{"line":2,"column":0},"end":{"line":2,"column":55}},"2":{"start":{"line":3,"column":0},"end":{"line":3,"column":0}},"3":{"start":{"line":4,"column":0},"end":{"line":4,"column":32}},"4":{"start":{"line":5,"column":0},"end":{"line":5,"column":57}},"5":{"start":{"line":6,"column":0},"end":{"line":6,"column":0}},"6":{"start":{"line":7,"column":0},"end":{"line":7,"column":33}},"7":{"start":{"line":8,"column":0},"end":{"line":8,"column":50}},"8":{"start":{"line":9,"column":0},"end":{"line":9,"column":0}},"9":{"start":{"line":10,"column":0},"end":{"line":10,"column":58}},"10":{"start":{"line":11,"column":0},"end":{"line":11,"column":0}},"11":{"start":{"line":12,"column":0},"end":{"line":12,"column":16}},"12":{"start":{"line":13,"column":0},"end":{"line":13,"column":3}},"13":{"start":{"line":14,"column":0},"end":{"line":14,"column":1}}},"s":{"0":1,"1":1,"2":1,"3":1,"4":1,"5":1,"6":1,"7":2,"8":2,"9":2,"10":1,"11":1,"12":1,"13":1},"branchMap":{"0":{"type":"branch","line":4,"loc":{"start":{"line":4,"column":13},"end":{"line":4,"column":30}},"locations":[{"start":{"line":4,"column":13},"end":{"line":4,"column":30}}]},"1":{"type":"branch","line":7,"loc":{"start":{"line":7,"column":2},"end":{"line":13,"column":3}},"locations":[{"start":{"line":7,"column":2},"end":{"line":13,"column":3}}]},"2":{"type":"branch","line":11,"loc":{"start":{"line":11,"column":-2},"end":{"line":13,"column":3}},"locations":[{"start":{"line":11,"column":-2},"end":{"line":13,"column":3}}]},"3":{"type":"branch","line":5,"loc":{"start":{"line":5,"column":2},"end":{"line":5,"column":57}},"locations":[{"start":{"line":5,"column":2},"end":{"line":5,"column":57}}]}},"b":{"0":[1],"1":[2],"2":[1],"3":[1]},"fnMap":{"0":{"name":"get","decl":{"start":{"line":4,"column":13},"end":{"line":4,"column":30}},"loc":{"start":{"line":4,"column":13},"end":{"line":4,"column":30}},"line":4},"1":{"name":"execute","decl":{"start":{"line":7,"column":2},"end":{"line":13,"column":3}},"loc":{"start":{"line":7,"column":2},"end":{"line":13,"column":3}},"line":7},"2":{"name":"RemoveTaskUseCase","decl":{"start":{"line":5,"column":2},"end":{"line":5,"column":57}},"loc":{"start":{"line":5,"column":2},"end":{"line":5,"column":57}},"line":5}},"f":{"0":1,"1":2,"2":1}}
,"C:\\www\\tarefas_ttd_jest\\src\\useCases\\removeUser\\RemoveUserUseCase.ts": {"path":"C:\\www\\tarefas_ttd_jest\\src\\useCases\\removeUser\\RemoveUserUseCase.ts","all":false,"statementMap":{"0":{"start":{"line":1,"column":0},"end":{"line":1,"column":84}},"1":{"start":{"line":2,"column":0},"end":{"line":2,"column":0}},"2":{"start":{"line":3,"column":0},"end":{"line":3,"column":32}},"3":{"start":{"line":4,"column":0},"end":{"line":4,"column":57}},"4":{"start":{"line":5,"column":0},"end":{"line":5,"column":0}},"5":{"start":{"line":6,"column":0},"end":{"line":6,"column":33}},"6":{"start":{"line":7,"column":0},"end":{"line":7,"column":18}},"7":{"start":{"line":8,"column":0},"end":{"line":8,"column":42}},"8":{"start":{"line":9,"column":0},"end":{"line":9,"column":5}},"9":{"start":{"line":10,"column":0},"end":{"line":10,"column":0}},"10":{"start":{"line":11,"column":0},"end":{"line":11,"column":66}},"11":{"start":{"line":12,"column":0},"end":{"line":12,"column":0}},"12":{"start":{"line":13,"column":0},"end":{"line":13,"column":22}},"13":{"start":{"line":14,"column":0},"end":{"line":14,"column":42}},"14":{"start":{"line":15,"column":0},"end":{"line":15,"column":5}},"15":{"start":{"line":16,"column":0},"end":{"line":16,"column":0}},"16":{"start":{"line":17,"column":0},"end":{"line":17,"column":58}},"17":{"start":{"line":18,"column":0},"end":{"line":18,"column":0}},"18":{"start":{"line":19,"column":0},"end":{"line":19,"column":16}},"19":{"start":{"line":20,"column":0},"end":{"line":20,"column":3}},"20":{"start":{"line":21,"column":0},"end":{"line":21,"column":1}}},"s":{"0":1,"1":1,"2":1,"3":1,"4":1,"5":1,"6":3,"7":1,"8":1,"9":2,"10":2,"11":2,"12":3,"13":1,"14":1,"15":1,"16":1,"17":1,"18":1,"19":1,"20":1},"branchMap":{"0":{"type":"branch","line":3,"loc":{"start":{"line":3,"column":13},"end":{"line":3,"column":30}},"locations":[{"start":{"line":3,"column":13},"end":{"line":3,"column":30}}]},"1":{"type":"branch","line":6,"loc":{"start":{"line":6,"column":2},"end":{"line":20,"column":3}},"locations":[{"start":{"line":6,"column":2},"end":{"line":20,"column":3}}]},"2":{"type":"branch","line":7,"loc":{"start":{"line":7,"column":17},"end":{"line":9,"column":5}},"locations":[{"start":{"line":7,"column":17},"end":{"line":9,"column":5}}]},"3":{"type":"branch","line":10,"loc":{"start":{"line":10,"column":-2},"end":{"line":13,"column":21}},"locations":[{"start":{"line":10,"column":-2},"end":{"line":13,"column":21}}]},"4":{"type":"branch","line":13,"loc":{"start":{"line":13,"column":21},"end":{"line":20,"column":3}},"locations":[{"start":{"line":13,"column":21},"end":{"line":20,"column":3}}]},"5":{"type":"branch","line":4,"loc":{"start":{"line":4,"column":2},"end":{"line":4,"column":57}},"locations":[{"start":{"line":4,"column":2},"end":{"line":4,"column":57}}]}},"b":{"0":[1],"1":[3],"2":[1],"3":[2],"4":[1],"5":[1]},"fnMap":{"0":{"name":"get","decl":{"start":{"line":3,"column":13},"end":{"line":3,"column":30}},"loc":{"start":{"line":3,"column":13},"end":{"line":3,"column":30}},"line":3},"1":{"name":"execute","decl":{"start":{"line":6,"column":2},"end":{"line":20,"column":3}},"loc":{"start":{"line":6,"column":2},"end":{"line":20,"column":3}},"line":6},"2":{"name":"RemoveUserUseCase","decl":{"start":{"line":4,"column":2},"end":{"line":4,"column":57}},"loc":{"start":{"line":4,"column":2},"end":{"line":4,"column":57}},"line":4}},"f":{"0":1,"1":3,"2":1}}
,"C:\\www\\tarefas_ttd_jest\\src\\useCases\\updateTask\\UpdateTaskUseCase.ts": {"path":"C:\\www\\tarefas_ttd_jest\\src\\useCases\\updateTask\\UpdateTaskUseCase.ts","all":false,"statementMap":{"0":{"start":{"line":1,"column":0},"end":{"line":1,"column":80}},"1":{"start":{"line":2,"column":0},"end":{"line":2,"column":55}},"2":{"start":{"line":3,"column":0},"end":{"line":3,"column":44}},"3":{"start":{"line":4,"column":0},"end":{"line":4,"column":0}},"4":{"start":{"line":5,"column":0},"end":{"line":5,"column":32}},"5":{"start":{"line":6,"column":0},"end":{"line":6,"column":57}},"6":{"start":{"line":7,"column":0},"end":{"line":7,"column":0}},"7":{"start":{"line":8,"column":0},"end":{"line":8,"column":17}},"8":{"start":{"line":9,"column":0},"end":{"line":9,"column":7}},"9":{"start":{"line":10,"column":0},"end":{"line":10,"column":11}},"10":{"start":{"line":11,"column":0},"end":{"line":11,"column":9}},"11":{"start":{"line":12,"column":0},"end":{"line":12,"column":16}},"12":{"start":{"line":13,"column":0},"end":{"line":13,"column":13}},"13":{"start":{"line":14,"column":0},"end":{"line":14,"column":17}},"14":{"start":{"line":15,"column":0},"end":{"line":15,"column":21}},"15":{"start":{"line":16,"column":0},"end":{"line":16,"column":46}},"16":{"start":{"line":17,"column":0},"end":{"line":17,"column":50}},"17":{"start":{"line":18,"column":0},"end":{"line":18,"column":45}},"18":{"start":{"line":19,"column":0},"end":{"line":19,"column":0}},"19":{"start":{"line":20,"column":0},"end":{"line":20,"column":51}},"20":{"start":{"line":21,"column":0},"end":{"line":21,"column":9}},"21":{"start":{"line":22,"column":0},"end":{"line":22,"column":13}},"22":{"start":{"line":23,"column":0},"end":{"line":23,"column":11}},"23":{"start":{"line":24,"column":0},"end":{"line":24,"column":18}},"24":{"start":{"line":25,"column":0},"end":{"line":25,"column":15}},"25":{"start":{"line":26,"column":0},"end":{"line":26,"column":11}},"26":{"start":{"line":27,"column":0},"end":{"line":27,"column":7}},"27":{"start":{"line":28,"column":0},"end":{"line":28,"column":0}},"28":{"start":{"line":29,"column":0},"end":{"line":29,"column":16}},"29":{"start":{"line":30,"column":0},"end":{"line":30,"column":3}},"30":{"start":{"line":31,"column":0},"end":{"line":31,"column":1}}},"s":{"0":1,"1":1,"2":1,"3":1,"4":1,"5":1,"6":1,"7":1,"8":4,"9":4,"10":4,"11":4,"12":4,"13":4,"14":4,"15":4,"16":4,"17":4,"18":4,"19":4,"20":4,"21":4,"22":4,"23":4,"24":4,"25":4,"26":4,"27":1,"28":1,"29":1,"30":1},"branchMap":{"0":{"type":"branch","line":5,"loc":{"start":{"line":5,"column":13},"end":{"line":5,"column":30}},"locations":[{"start":{"line":5,"column":13},"end":{"line":5,"column":30}}]},"1":{"type":"branch","line":8,"loc":{"start":{"line":8,"column":2},"end":{"line":30,"column":3}},"locations":[{"start":{"line":8,"column":2},"end":{"line":30,"column":3}}]},"2":{"type":"branch","line":28,"loc":{"start":{"line":28,"column":-2},"end":{"line":30,"column":3}},"locations":[{"start":{"line":28,"column":-2},"end":{"line":30,"column":3}}]},"3":{"type":"branch","line":6,"loc":{"start":{"line":6,"column":2},"end":{"line":6,"column":57}},"locations":[{"start":{"line":6,"column":2},"end":{"line":6,"column":57}}]}},"b":{"0":[1],"1":[4],"2":[1],"3":[1]},"fnMap":{"0":{"name":"get","decl":{"start":{"line":5,"column":13},"end":{"line":5,"column":30}},"loc":{"start":{"line":5,"column":13},"end":{"line":5,"column":30}},"line":5},"1":{"name":"execute","decl":{"start":{"line":8,"column":2},"end":{"line":30,"column":3}},"loc":{"start":{"line":8,"column":2},"end":{"line":30,"column":3}},"line":8},"2":{"name":"UpdateTaskUseCase","decl":{"start":{"line":6,"column":2},"end":{"line":6,"column":57}},"loc":{"start":{"line":6,"column":2},"end":{"line":6,"column":57}},"line":6}},"f":{"0":1,"1":4,"2":1}}
,"C:\\www\\tarefas_ttd_jest\\src\\useCases\\updateUser\\UpdateUserUseCase.ts": {"path":"C:\\www\\tarefas_ttd_jest\\src\\useCases\\updateUser\\UpdateUserUseCase.ts","all":false,"statementMap":{"0":{"start":{"line":1,"column":0},"end":{"line":1,"column":84}},"1":{"start":{"line":2,"column":0},"end":{"line":2,"column":55}},"2":{"start":{"line":3,"column":0},"end":{"line":3,"column":0}},"3":{"start":{"line":4,"column":0},"end":{"line":4,"column":32}},"4":{"start":{"line":5,"column":0},"end":{"line":5,"column":57}},"5":{"start":{"line":6,"column":0},"end":{"line":6,"column":0}},"6":{"start":{"line":7,"column":0},"end":{"line":7,"column":65}},"7":{"start":{"line":8,"column":0},"end":{"line":8,"column":49}},"8":{"start":{"line":9,"column":0},"end":{"line":9,"column":0}},"9":{"start":{"line":10,"column":0},"end":{"line":10,"column":39}},"10":{"start":{"line":11,"column":0},"end":{"line":11,"column":71}},"11":{"start":{"line":12,"column":0},"end":{"line":12,"column":5}},"12":{"start":{"line":13,"column":0},"end":{"line":13,"column":0}},"13":{"start":{"line":14,"column":0},"end":{"line":14,"column":38}},"14":{"start":{"line":15,"column":0},"end":{"line":15,"column":0}},"15":{"start":{"line":16,"column":0},"end":{"line":16,"column":38}},"16":{"start":{"line":17,"column":0},"end":{"line":17,"column":64}},"17":{"start":{"line":18,"column":0},"end":{"line":18,"column":5}},"18":{"start":{"line":19,"column":0},"end":{"line":19,"column":0}},"19":{"start":{"line":20,"column":0},"end":{"line":20,"column":60}},"20":{"start":{"line":21,"column":0},"end":{"line":21,"column":0}},"21":{"start":{"line":22,"column":0},"end":{"line":22,"column":43}},"22":{"start":{"line":23,"column":0},"end":{"line":23,"column":0}},"23":{"start":{"line":24,"column":0},"end":{"line":24,"column":61}},"24":{"start":{"line":25,"column":0},"end":{"line":25,"column":3}},"25":{"start":{"line":26,"column":0},"end":{"line":26,"column":1}}},"s":{"0":1,"1":1,"2":1,"3":1,"4":1,"5":1,"6":1,"7":4,"8":4,"9":4,"10":1,"11":1,"12":2,"13":2,"14":2,"15":4,"16":1,"17":1,"18":1,"19":1,"20":1,"21":1,"22":1,"23":1,"24":1,"25":1},"branchMap":{"0":{"type":"branch","line":4,"loc":{"start":{"line":4,"column":13},"end":{"line":4,"column":30}},"locations":[{"start":{"line":4,"column":13},"end":{"line":4,"column":30}}]},"1":{"type":"branch","line":7,"loc":{"start":{"line":7,"column":2},"end":{"line":25,"column":3}},"locations":[{"start":{"line":7,"column":2},"end":{"line":25,"column":3}}]},"2":{"type":"branch","line":10,"loc":{"start":{"line":10,"column":38},"end":{"line":12,"column":5}},"locations":[{"start":{"line":10,"column":38},"end":{"line":12,"column":5}}]},"3":{"type":"branch","line":13,"loc":{"start":{"line":13,"column":-2},"end":{"line":16,"column":37}},"locations":[{"start":{"line":13,"column":-2},"end":{"line":16,"column":37}}]},"4":{"type":"branch","line":16,"loc":{"start":{"line":16,"column":37},"end":{"line":25,"column":3}},"locations":[{"start":{"line":16,"column":37},"end":{"line":25,"column":3}}]},"5":{"type":"branch","line":5,"loc":{"start":{"line":5,"column":2},"end":{"line":5,"column":57}},"locations":[{"start":{"line":5,"column":2},"end":{"line":5,"column":57}}]}},"b":{"0":[1],"1":[4],"2":[1],"3":[2],"4":[1],"5":[1]},"fnMap":{"0":{"name":"get","decl":{"start":{"line":4,"column":13},"end":{"line":4,"column":30}},"loc":{"start":{"line":4,"column":13},"end":{"line":4,"column":30}},"line":4},"1":{"name":"execute","decl":{"start":{"line":7,"column":2},"end":{"line":25,"column":3}},"loc":{"start":{"line":7,"column":2},"end":{"line":25,"column":3}},"line":7},"2":{"name":"UpdateUserUseCase","decl":{"start":{"line":5,"column":2},"end":{"line":5,"column":57}},"loc":{"start":{"line":5,"column":2},"end":{"line":5,"column":57}},"line":5}},"f":{"0":1,"1":4,"2":1}}
,"C:\\www\\tarefas_ttd_jest\\src\\utils\\helpers.ts": {"path":"C:\\www\\tarefas_ttd_jest\\src\\utils\\helpers.ts","all":false,"statementMap":{"0":{"start":{"line":1,"column":0},"end":{"line":1,"column":47}},"1":{"start":{"line":2,"column":0},"end":{"line":2,"column":0}},"2":{"start":{"line":3,"column":0},"end":{"line":3,"column":72}},"3":{"start":{"line":4,"column":0},"end":{"line":4,"column":35}},"4":{"start":{"line":5,"column":0},"end":{"line":5,"column":0}},"5":{"start":{"line":6,"column":0},"end":{"line":6,"column":48}},"6":{"start":{"line":7,"column":0},"end":{"line":7,"column":0}},"7":{"start":{"line":8,"column":0},"end":{"line":8,"column":22}},"8":{"start":{"line":9,"column":0},"end":{"line":9,"column":1}}},"s":{"0":1,"1":1,"2":1,"3":7,"4":7,"5":7,"6":7,"7":7,"8":7},"branchMap":{"0":{"type":"branch","line":3,"loc":{"start":{"line":3,"column":16},"end":{"line":3,"column":31}},"locations":[{"start":{"line":3,"column":16},"end":{"line":3,"column":31}}]},"1":{"type":"branch","line":3,"loc":{"start":{"line":3,"column":7},"end":{"line":9,"column":1}},"locations":[{"start":{"line":3,"column":7},"end":{"line":9,"column":1}}]}},"b":{"0":[7],"1":[7]},"fnMap":{"0":{"name":"get","decl":{"start":{"line":3,"column":16},"end":{"line":3,"column":31}},"loc":{"start":{"line":3,"column":16},"end":{"line":3,"column":31}},"line":3},"1":{"name":"encryptPassword","decl":{"start":{"line":3,"column":7},"end":{"line":9,"column":1}},"loc":{"start":{"line":3,"column":7},"end":{"line":9,"column":1}},"line":3}},"f":{"0":7,"1":7}}
,"C:\\www\\tarefas_ttd_jest\\src\\utils\\validators.ts": {"path":"C:\\www\\tarefas_ttd_jest\\src\\utils\\validators.ts","all":false,"statementMap":{"0":{"start":{"line":1,"column":0},"end":{"line":1,"column":64}},"1":{"start":{"line":2,"column":0},"end":{"line":2,"column":0}},"2":{"start":{"line":3,"column":0},"end":{"line":3,"column":44}},"3":{"start":{"line":4,"column":0},"end":{"line":4,"column":36}},"4":{"start":{"line":5,"column":0},"end":{"line":5,"column":1}},"5":{"start":{"line":6,"column":0},"end":{"line":6,"column":0}},"6":{"start":{"line":7,"column":0},"end":{"line":7,"column":51}},"7":{"start":{"line":8,"column":0},"end":{"line":8,"column":27}},"8":{"start":{"line":9,"column":0},"end":{"line":9,"column":156}},"9":{"start":{"line":10,"column":0},"end":{"line":10,"column":4}},"10":{"start":{"line":11,"column":0},"end":{"line":11,"column":0}},"11":{"start":{"line":12,"column":0},"end":{"line":12,"column":57}},"12":{"start":{"line":13,"column":0},"end":{"line":13,"column":1}},"13":{"start":{"line":14,"column":0},"end":{"line":14,"column":0}},"14":{"start":{"line":15,"column":0},"end":{"line":15,"column":60}},"15":{"start":{"line":16,"column":0},"end":{"line":16,"column":45}},"16":{"start":{"line":17,"column":0},"end":{"line":17,"column":49}},"17":{"start":{"line":18,"column":0},"end":{"line":18,"column":35}},"18":{"start":{"line":19,"column":0},"end":{"line":19,"column":49}},"19":{"start":{"line":20,"column":0},"end":{"line":20,"column":35}},"20":{"start":{"line":21,"column":0},"end":{"line":21,"column":1}},"21":{"start":{"line":22,"column":0},"end":{"line":22,"column":0}},"22":{"start":{"line":23,"column":0},"end":{"line":23,"column":63}},"23":{"start":{"line":24,"column":0},"end":{"line":24,"column":7}},"24":{"start":{"line":25,"column":0},"end":{"line":25,"column":30}},"25":{"start":{"line":26,"column":0},"end":{"line":26,"column":15}},"26":{"start":{"line":27,"column":0},"end":{"line":27,"column":11}},"27":{"start":{"line":28,"column":0},"end":{"line":28,"column":3}},"28":{"start":{"line":29,"column":0},"end":{"line":29,"column":33}},"29":{"start":{"line":30,"column":0},"end":{"line":30,"column":1}},"30":{"start":{"line":31,"column":0},"end":{"line":31,"column":0}},"31":{"start":{"line":32,"column":0},"end":{"line":32,"column":78}},"32":{"start":{"line":33,"column":0},"end":{"line":33,"column":56}},"33":{"start":{"line":34,"column":0},"end":{"line":34,"column":1}}},"s":{"0":1,"1":1,"2":1,"3":0,"4":0,"5":1,"6":1,"7":13,"8":13,"9":13,"10":13,"11":13,"12":13,"13":1,"14":1,"15":38,"16":38,"17":38,"18":38,"19":38,"20":38,"21":1,"22":1,"23":0,"24":0,"25":0,"26":0,"27":0,"28":0,"29":0,"30":1,"31":1,"32":9,"33":9},"branchMap":{"0":{"type":"branch","line":7,"loc":{"start":{"line":7,"column":29},"end":{"line":7,"column":28}},"locations":[{"start":{"line":7,"column":29},"end":{"line":7,"column":28}}]},"1":{"type":"branch","line":15,"loc":{"start":{"line":15,"column":29},"end":{"line":15,"column":28}},"locations":[{"start":{"line":15,"column":29},"end":{"line":15,"column":28}}]},"2":{"type":"branch","line":32,"loc":{"start":{"line":32,"column":29},"end":{"line":32,"column":28}},"locations":[{"start":{"line":32,"column":29},"end":{"line":32,"column":28}}]},"3":{"type":"branch","line":7,"loc":{"start":{"line":7,"column":7},"end":{"line":13,"column":1}},"locations":[{"start":{"line":7,"column":7},"end":{"line":13,"column":1}}]},"4":{"type":"branch","line":12,"loc":{"start":{"line":12,"column":26},"end":{"line":12,"column":57}},"locations":[{"start":{"line":12,"column":26},"end":{"line":12,"column":57}}]},"5":{"type":"branch","line":15,"loc":{"start":{"line":15,"column":7},"end":{"line":21,"column":1}},"locations":[{"start":{"line":15,"column":7},"end":{"line":21,"column":1}}]},"6":{"type":"branch","line":16,"loc":{"start":{"line":16,"column":14},"end":{"line":17,"column":30}},"locations":[{"start":{"line":16,"column":14},"end":{"line":17,"column":30}}]},"7":{"type":"branch","line":16,"loc":{"start":{"line":16,"column":14},"end":{"line":16,"column":45}},"locations":[{"start":{"line":16,"column":14},"end":{"line":16,"column":45}}]},"8":{"type":"branch","line":17,"loc":{"start":{"line":17,"column":-2},"end":{"line":17,"column":30}},"locations":[{"start":{"line":17,"column":-2},"end":{"line":17,"column":30}}]},"9":{"type":"branch","line":17,"loc":{"start":{"line":17,"column":26},"end":{"line":17,"column":48}},"locations":[{"start":{"line":17,"column":26},"end":{"line":17,"column":48}}]},"10":{"type":"branch","line":18,"loc":{"start":{"line":18,"column":4},"end":{"line":18,"column":35}},"locations":[{"start":{"line":18,"column":4},"end":{"line":18,"column":35}}]},"11":{"type":"branch","line":19,"loc":{"start":{"line":19,"column":-2},"end":{"line":19,"column":48}},"locations":[{"start":{"line":19,"column":-2},"end":{"line":19,"column":48}}]},"12":{"type":"branch","line":19,"loc":{"start":{"line":19,"column":-2},"end":{"line":19,"column":35}},"locations":[{"start":{"line":19,"column":-2},"end":{"line":19,"column":35}}]},"13":{"type":"branch","line":19,"loc":{"start":{"line":19,"column":31},"end":{"line":19,"column":48}},"locations":[{"start":{"line":19,"column":31},"end":{"line":19,"column":48}}]},"14":{"type":"branch","line":20,"loc":{"start":{"line":20,"column":4},"end":{"line":20,"column":35}},"locations":[{"start":{"line":20,"column":4},"end":{"line":20,"column":35}}]},"15":{"type":"branch","line":32,"loc":{"start":{"line":32,"column":7},"end":{"line":34,"column":1}},"locations":[{"start":{"line":32,"column":7},"end":{"line":34,"column":1}}]},"16":{"type":"branch","line":33,"loc":{"start":{"line":33,"column":25},"end":{"line":33,"column":56}},"locations":[{"start":{"line":33,"column":25},"end":{"line":33,"column":56}}]}},"b":{"0":[13],"1":[38],"2":[9],"3":[13],"4":[1],"5":[38],"6":[37],"7":[8],"8":[30],"9":[0],"10":[0],"11":[31],"12":[30],"13":[29],"14":[0],"15":[9],"16":[1]},"fnMap":{"0":{"name":"isEmptyObject","decl":{"start":{"line":3,"column":29},"end":{"line":3,"column":28}},"loc":{"start":{"line":3,"column":29},"end":{"line":3,"column":28}},"line":3},"1":{"name":"validateEmail","decl":{"start":{"line":7,"column":29},"end":{"line":7,"column":28}},"loc":{"start":{"line":7,"column":29},"end":{"line":7,"column":28}},"line":7},"2":{"name":"existsOrError","decl":{"start":{"line":15,"column":29},"end":{"line":15,"column":28}},"loc":{"start":{"line":15,"column":29},"end":{"line":15,"column":28}},"line":15},"3":{"name":"notExistsOrError","decl":{"start":{"line":23,"column":32},"end":{"line":23,"column":31}},"loc":{"start":{"line":23,"column":32},"end":{"line":23,"column":31}},"line":23},"4":{"name":"equalsOrError","decl":{"start":{"line":32,"column":29},"end":{"line":32,"column":28}},"loc":{"start":{"line":32,"column":29},"end":{"line":32,"column":28}},"line":32},"5":{"name":"isEmptyObject","decl":{"start":{"line":3,"column":7},"end":{"line":5,"column":1}},"loc":{"start":{"line":3,"column":7},"end":{"line":5,"column":1}},"line":3},"6":{"name":"validateEmail","decl":{"start":{"line":7,"column":7},"end":{"line":13,"column":1}},"loc":{"start":{"line":7,"column":7},"end":{"line":13,"column":1}},"line":7},"7":{"name":"existsOrError","decl":{"start":{"line":15,"column":7},"end":{"line":21,"column":1}},"loc":{"start":{"line":15,"column":7},"end":{"line":21,"column":1}},"line":15},"8":{"name":"notExistsOrError","decl":{"start":{"line":23,"column":7},"end":{"line":30,"column":1}},"loc":{"start":{"line":23,"column":7},"end":{"line":30,"column":1}},"line":23},"9":{"name":"equalsOrError","decl":{"start":{"line":32,"column":7},"end":{"line":34,"column":1}},"loc":{"start":{"line":32,"column":7},"end":{"line":34,"column":1}},"line":32}},"f":{"0":0,"1":13,"2":38,"3":0,"4":9,"5":0,"6":13,"7":38,"8":0,"9":9}}
}
