TN:
SF:src\exceptions\CustomException.ts
FN:1,get
FN:4,CustomException
FNF:2
FNH:2
FNDA:10,get
FNDA:10,CustomException
DA:1,1
DA:2,1
DA:3,1
DA:4,1
DA:5,10
DA:6,10
DA:7,10
DA:8,10
DA:9,10
DA:10,1
LF:10
LH:10
BRDA:1,0,0,10
BRDA:4,1,0,10
BRF:2
BRH:2
end_of_record
TN:
SF:src\repositories\InMemory\TaskRepositoryInMemory.ts
FN:6,get
FN:9,create
FN:16,findByName
FN:24,remove
FN:32,update
FNF:5
FNH:5
FNDA:4,get
FNDA:16,create
FNDA:2,findByName
FNDA:1,remove
FNDA:1,update
DA:1,1
DA:2,1
DA:3,1
DA:4,1
DA:5,1
DA:6,1
DA:7,1
DA:8,1
DA:9,1
DA:10,16
DA:11,16
DA:12,16
DA:13,16
DA:14,16
DA:15,1
DA:16,1
DA:17,2
DA:18,2
DA:19,2
DA:20,2
DA:21,2
DA:22,2
DA:23,1
DA:24,1
DA:25,1
DA:26,1
DA:27,1
DA:28,1
DA:29,1
DA:30,1
DA:31,1
DA:32,1
DA:33,1
DA:34,1
DA:35,1
DA:36,1
DA:37,1
DA:38,1
DA:39,1
DA:40,1
DA:41,1
DA:42,1
DA:43,1
DA:44,1
DA:45,1
DA:46,1
DA:47,1
DA:48,1
DA:49,1
LF:49
LH:49
BRDA:6,0,0,4
BRDA:9,1,0,16
BRDA:16,2,0,2
BRDA:18,3,0,20
BRDA:24,4,0,1
BRDA:25,5,0,1
BRDA:27,6,0,1
BRDA:32,7,0,1
BRDA:35,8,0,1
BRF:9
BRH:9
end_of_record
TN:
SF:src\repositories\InMemory\UserRepositoryInMemory.ts
FN:5,get
FN:8,clearItems
FN:12,create
FN:19,exists
FN:24,findById
FN:30,findByEmail
FN:36,remove
FN:43,update
FNF:8
FNH:8
FNDA:7,get
FNDA:17,clearItems
FNDA:14,create
FNDA:8,exists
FNDA:4,findById
FNDA:3,findByEmail
FNDA:1,remove
FNDA:1,update
DA:1,1
DA:2,1
DA:3,1
DA:4,1
DA:5,1
DA:6,1
DA:7,1
DA:8,1
DA:9,17
DA:10,17
DA:11,1
DA:12,1
DA:13,14
DA:14,14
DA:15,14
DA:16,14
DA:17,14
DA:18,1
DA:19,1
DA:20,8
DA:21,8
DA:22,8
DA:23,8
DA:24,1
DA:25,4
DA:26,4
DA:27,4
DA:28,4
DA:29,1
DA:30,1
DA:31,3
DA:32,3
DA:33,3
DA:34,3
DA:35,1
DA:36,1
DA:37,1
DA:38,1
DA:39,1
DA:40,1
DA:41,1
DA:42,1
DA:43,1
DA:44,1
DA:45,1
DA:46,1
DA:47,1
DA:48,1
DA:49,1
DA:50,1
DA:51,1
DA:52,1
DA:53,1
LF:53
LH:53
BRDA:5,0,0,7
BRDA:8,1,0,17
BRDA:12,2,0,14
BRDA:19,3,0,8
BRDA:20,4,0,1
BRDA:24,5,0,4
BRDA:25,6,0,3
BRDA:30,7,0,3
BRDA:31,8,0,2
BRDA:36,9,0,1
BRDA:37,10,0,1
BRDA:38,11,0,1
BRDA:43,12,0,1
BRDA:44,13,0,1
BRF:14
BRH:14
end_of_record
TN:
SF:src\useCases\authenticateUser\AuthenticateUserUseCase.ts
FN:5,get
FN:8,execute
FN:6,AuthenticateUserUseCase
FNF:3
FNH:3
FNDA:1,get
FNDA:5,execute
FNDA:1,AuthenticateUserUseCase
DA:1,1
DA:2,1
DA:3,1
DA:4,1
DA:5,1
DA:6,1
DA:7,1
DA:8,1
DA:9,5
DA:10,2
DA:11,2
DA:12,3
DA:13,3
DA:14,3
DA:15,5
DA:16,2
DA:17,2
DA:18,2
DA:19,5
DA:20,1
DA:21,1
DA:22,1
DA:23,1
DA:24,1
DA:25,1
DA:26,1
DA:27,1
DA:28,1
DA:29,1
DA:30,1
DA:31,1
DA:32,1
DA:33,1
LF:33
LH:33
BRDA:5,0,0,1
BRDA:8,1,0,5
BRDA:9,2,0,4
BRDA:9,3,0,2
BRDA:12,4,0,3
BRDA:15,5,0,1
BRDA:16,6,0,2
BRDA:19,7,0,1
BRDA:6,8,0,1
BRF:9
BRH:9
end_of_record
TN:
SF:src\useCases\createTask\CreateTaskUseCase.ts
FN:5,get
FN:8,execute
FN:6,CreateTaskUseCase
FNF:3
FNH:3
FNDA:1,get
FNDA:5,execute
FNDA:1,CreateTaskUseCase
DA:1,1
DA:2,1
DA:3,1
DA:4,1
DA:5,1
DA:6,1
DA:7,1
DA:8,1
DA:9,5
DA:10,5
DA:11,5
DA:12,5
DA:13,5
DA:14,5
DA:15,5
DA:16,5
DA:17,4
DA:18,4
DA:19,4
DA:20,1
LF:20
LH:20
BRDA:5,0,0,1
BRDA:8,1,0,5
BRDA:17,2,0,4
BRDA:6,3,0,1
BRF:4
BRH:4
end_of_record
TN:
SF:src\useCases\createUser\CreateUserUseCase.ts
FN:10,get
FN:13,execute
FN:11,CreateUserUseCase
FNF:3
FNH:3
FNDA:6,get
FNDA:14,execute
FNDA:6,CreateUserUseCase
DA:1,1
DA:2,1
DA:3,1
DA:4,1
DA:5,1
DA:6,1
DA:7,1
DA:8,1
DA:9,1
DA:10,1
DA:11,1
DA:12,1
DA:13,1
DA:14,14
DA:15,14
DA:16,14
DA:17,14
DA:18,14
DA:19,14
DA:20,14
DA:21,14
DA:22,14
DA:23,14
DA:24,1
DA:25,1
DA:26,11
DA:27,11
DA:28,11
DA:29,14
DA:30,1
DA:31,1
DA:32,10
DA:33,14
DA:34,1
DA:35,1
DA:36,9
DA:37,9
DA:38,9
DA:39,14
DA:40,1
DA:41,1
DA:42,7
DA:43,7
DA:44,7
DA:45,7
DA:46,7
DA:47,7
DA:48,7
DA:49,7
DA:50,7
DA:51,7
DA:52,7
DA:53,7
DA:54,1
LF:54
LH:54
BRDA:10,0,0,6
BRDA:13,1,0,14
BRDA:23,2,0,1
BRDA:26,3,0,11
BRDA:29,4,0,1
BRDA:32,5,0,10
BRDA:33,6,0,1
BRDA:36,7,0,9
BRDA:39,8,0,8
BRDA:39,9,0,1
BRDA:42,10,0,7
BRDA:11,11,0,6
BRF:12
BRH:12
end_of_record
TN:
SF:src\useCases\findTasksByName\FindTasksByNameUseCase.ts
FN:4,get
FN:7,execute
FN:5,FindTasksByNameUseCase
FNF:3
FNH:3
FNDA:1,get
FNDA:3,execute
FNDA:1,FindTasksByNameUseCase
DA:1,1
DA:2,1
DA:3,1
DA:4,1
DA:5,1
DA:6,1
DA:7,1
DA:8,3
DA:9,3
DA:10,3
DA:11,2
DA:12,2
DA:13,2
DA:14,1
LF:14
LH:14
BRDA:4,0,0,1
BRDA:7,1,0,3
BRDA:11,2,0,2
BRDA:5,3,0,1
BRF:4
BRH:4
end_of_record
TN:
SF:src\useCases\removeTask\RemoveTaskUseCase.ts
FN:4,get
FN:7,execute
FN:5,RemoveTaskUseCase
FNF:3
FNH:3
FNDA:1,get
FNDA:2,execute
FNDA:1,RemoveTaskUseCase
DA:1,1
DA:2,1
DA:3,1
DA:4,1
DA:5,1
DA:6,1
DA:7,1
DA:8,2
DA:9,2
DA:10,2
DA:11,1
DA:12,1
DA:13,1
DA:14,1
LF:14
LH:14
BRDA:4,0,0,1
BRDA:7,1,0,2
BRDA:11,2,0,1
BRDA:5,3,0,1
BRF:4
BRH:4
end_of_record
TN:
SF:src\useCases\removeUser\RemoveUserUseCase.ts
FN:3,get
FN:6,execute
FN:4,RemoveUserUseCase
FNF:3
FNH:3
FNDA:1,get
FNDA:3,execute
FNDA:1,RemoveUserUseCase
DA:1,1
DA:2,1
DA:3,1
DA:4,1
DA:5,1
DA:6,1
DA:7,3
DA:8,1
DA:9,1
DA:10,2
DA:11,2
DA:12,2
DA:13,3
DA:14,1
DA:15,1
DA:16,1
DA:17,1
DA:18,1
DA:19,1
DA:20,1
DA:21,1
LF:21
LH:21
BRDA:3,0,0,1
BRDA:6,1,0,3
BRDA:7,2,0,1
BRDA:10,3,0,2
BRDA:13,4,0,1
BRDA:4,5,0,1
BRF:6
BRH:6
end_of_record
TN:
SF:src\useCases\updateTask\UpdateTaskUseCase.ts
FN:5,get
FN:8,execute
FN:6,UpdateTaskUseCase
FNF:3
FNH:3
FNDA:1,get
FNDA:4,execute
FNDA:1,UpdateTaskUseCase
DA:1,1
DA:2,1
DA:3,1
DA:4,1
DA:5,1
DA:6,1
DA:7,1
DA:8,1
DA:9,4
DA:10,4
DA:11,4
DA:12,4
DA:13,4
DA:14,4
DA:15,4
DA:16,4
DA:17,4
DA:18,4
DA:19,4
DA:20,4
DA:21,4
DA:22,4
DA:23,4
DA:24,4
DA:25,4
DA:26,4
DA:27,4
DA:28,1
DA:29,1
DA:30,1
DA:31,1
LF:31
LH:31
BRDA:5,0,0,1
BRDA:8,1,0,4
BRDA:28,2,0,1
BRDA:6,3,0,1
BRF:4
BRH:4
end_of_record
TN:
SF:src\useCases\updateUser\UpdateUserUseCase.ts
FN:4,get
FN:7,execute
FN:5,UpdateUserUseCase
FNF:3
FNH:3
FNDA:1,get
FNDA:4,execute
FNDA:1,UpdateUserUseCase
DA:1,1
DA:2,1
DA:3,1
DA:4,1
DA:5,1
DA:6,1
DA:7,1
DA:8,4
DA:9,4
DA:10,4
DA:11,1
DA:12,1
DA:13,2
DA:14,2
DA:15,2
DA:16,4
DA:17,1
DA:18,1
DA:19,1
DA:20,1
DA:21,1
DA:22,1
DA:23,1
DA:24,1
DA:25,1
DA:26,1
LF:26
LH:26
BRDA:4,0,0,1
BRDA:7,1,0,4
BRDA:10,2,0,1
BRDA:13,3,0,2
BRDA:16,4,0,1
BRDA:5,5,0,1
BRF:6
BRH:6
end_of_record
TN:
SF:src\utils\helpers.ts
FN:3,get
FN:3,encryptPassword
FNF:2
FNH:2
FNDA:7,get
FNDA:7,encryptPassword
DA:1,1
DA:2,1
DA:3,1
DA:4,7
DA:5,7
DA:6,7
DA:7,7
DA:8,7
DA:9,7
LF:9
LH:9
BRDA:3,0,0,7
BRDA:3,1,0,7
BRF:2
BRH:2
end_of_record
TN:
SF:src\utils\validators.ts
FN:3,isEmptyObject
FN:7,validateEmail
FN:15,existsOrError
FN:23,notExistsOrError
FN:32,equalsOrError
FN:3,isEmptyObject
FN:7,validateEmail
FN:15,existsOrError
FN:23,notExistsOrError
FN:32,equalsOrError
FNF:10
FNH:6
FNDA:0,isEmptyObject
FNDA:13,validateEmail
FNDA:38,existsOrError
FNDA:0,notExistsOrError
FNDA:9,equalsOrError
FNDA:0,isEmptyObject
FNDA:13,validateEmail
FNDA:38,existsOrError
FNDA:0,notExistsOrError
FNDA:9,equalsOrError
DA:1,1
DA:2,1
DA:3,1
DA:4,0
DA:5,0
DA:6,1
DA:7,1
DA:8,13
DA:9,13
DA:10,13
DA:11,13
DA:12,13
DA:13,13
DA:14,1
DA:15,1
DA:16,38
DA:17,38
DA:18,38
DA:19,38
DA:20,38
DA:21,38
DA:22,1
DA:23,1
DA:24,0
DA:25,0
DA:26,0
DA:27,0
DA:28,0
DA:29,0
DA:30,0
DA:31,1
DA:32,1
DA:33,9
DA:34,9
LF:34
LH:25
BRDA:7,0,0,13
BRDA:15,1,0,38
BRDA:32,2,0,9
BRDA:7,3,0,13
BRDA:12,4,0,1
BRDA:15,5,0,38
BRDA:16,6,0,37
BRDA:16,7,0,8
BRDA:17,8,0,30
BRDA:17,9,0,0
BRDA:18,10,0,0
BRDA:19,11,0,31
BRDA:19,12,0,30
BRDA:19,13,0,29
BRDA:20,14,0,0
BRDA:32,15,0,9
BRDA:33,16,0,1
BRF:17
BRH:14
end_of_record
