TN:
SF:src\app.ts
FN:36,get
FNF:1
FNH:1
FNDA:38,get
DA:1,1
DA:2,1
DA:3,1
DA:4,1
DA:5,1
DA:6,1
DA:7,1
DA:8,1
DA:9,1
DA:10,1
DA:11,1
DA:12,1
DA:13,1
DA:14,1
DA:15,1
DA:16,1
DA:17,18
DA:18,18
DA:19,18
DA:20,18
DA:21,18
DA:22,18
DA:23,18
DA:24,18
DA:25,18
DA:26,18
DA:27,0
DA:28,0
DA:29,0
DA:30,0
DA:31,0
DA:32,0
DA:33,0
DA:34,1
DA:35,1
DA:36,1
LF:36
LH:29
BRDA:36,0,0,38
BRDA:16,1,0,18
BRDA:27,2,0,0
BRF:3
BRH:2
end_of_record
TN:
SF:src\routes.ts
FN:48,get
FNF:1
FNH:1
FNDA:8,get
DA:1,1
DA:2,1
DA:3,1
DA:4,1
DA:5,1
DA:6,1
DA:7,1
DA:8,1
DA:9,1
DA:10,1
DA:11,1
DA:12,1
DA:13,1
DA:14,1
DA:15,1
DA:16,1
DA:17,5
DA:18,1
DA:19,1
DA:20,1
DA:21,12
DA:22,1
DA:23,1
DA:24,1
DA:25,4
DA:26,1
DA:27,1
DA:28,1
DA:29,2
DA:30,1
DA:31,1
DA:32,1
DA:33,6
DA:34,1
DA:35,1
DA:36,1
DA:37,5
DA:38,1
DA:39,1
DA:40,1
DA:41,3
DA:42,1
DA:43,1
DA:44,1
DA:45,1
DA:46,1
DA:47,1
DA:48,1
LF:48
LH:48
BRDA:48,0,0,8
BRDA:16,1,0,5
BRDA:20,2,0,12
BRDA:24,3,0,4
BRDA:28,4,0,2
BRDA:32,5,0,6
BRDA:36,6,0,5
BRDA:40,7,0,3
BRDA:44,8,0,1
BRF:9
BRH:9
end_of_record
TN:
SF:src\connection\index.ts
FN:3,get
FNF:1
FNH:1
FNDA:51,get
DA:1,1
DA:2,1
DA:3,1
LF:3
LH:3
BRDA:3,0,0,51
BRF:1
BRH:1
end_of_record
TN:
SF:src\exceptions\CustomException.ts
FN:1,get
FN:4,CustomException
FNF:2
FNH:2
FNDA:57,get
FNDA:39,CustomException
DA:1,1
DA:2,1
DA:3,1
DA:4,1
DA:5,39
DA:6,39
DA:7,39
DA:8,39
DA:9,39
DA:10,1
LF:10
LH:10
BRDA:1,0,0,57
BRDA:4,1,0,39
BRF:2
BRH:2
end_of_record
TN:
SF:src\repositories\InMemory\TaskRepositoryInMemory.ts
FN:6,get
FN:9,create
FN:16,findByName
FN:24,remove
FN:32,update
FNF:5
FNH:5
FNDA:4,get
FNDA:16,create
FNDA:2,findByName
FNDA:1,remove
FNDA:1,update
DA:1,1
DA:2,1
DA:3,1
DA:4,1
DA:5,1
DA:6,1
DA:7,1
DA:8,1
DA:9,1
DA:10,16
DA:11,16
DA:12,16
DA:13,16
DA:14,16
DA:15,1
DA:16,1
DA:17,2
DA:18,2
DA:19,2
DA:20,2
DA:21,2
DA:22,2
DA:23,1
DA:24,1
DA:25,1
DA:26,1
DA:27,1
DA:28,1
DA:29,1
DA:30,1
DA:31,1
DA:32,1
DA:33,1
DA:34,1
DA:35,1
DA:36,1
DA:37,1
DA:38,1
DA:39,1
DA:40,1
DA:41,1
DA:42,1
DA:43,1
DA:44,1
DA:45,1
DA:46,1
DA:47,1
DA:48,1
DA:49,1
LF:49
LH:49
BRDA:6,0,0,4
BRDA:9,1,0,16
BRDA:16,2,0,2
BRDA:18,3,0,20
BRDA:24,4,0,1
BRDA:25,5,0,1
BRDA:27,6,0,1
BRDA:32,7,0,1
BRDA:35,8,0,1
BRF:9
BRH:9
end_of_record
TN:
SF:src\repositories\InMemory\UserRepositoryInMemory.ts
FN:5,get
FN:8,clearItems
FN:12,create
FN:19,exists
FN:24,findById
FN:30,findByEmail
FN:36,remove
FN:43,update
FNF:8
FNH:8
FNDA:8,get
FNDA:17,clearItems
FNDA:20,create
FNDA:8,exists
FNDA:4,findById
FNDA:3,findByEmail
FNDA:1,remove
FNDA:1,update
DA:1,1
DA:2,1
DA:3,1
DA:4,1
DA:5,1
DA:6,1
DA:7,1
DA:8,1
DA:9,17
DA:10,17
DA:11,1
DA:12,1
DA:13,20
DA:14,20
DA:15,20
DA:16,20
DA:17,20
DA:18,1
DA:19,1
DA:20,8
DA:21,8
DA:22,8
DA:23,8
DA:24,1
DA:25,4
DA:26,4
DA:27,4
DA:28,4
DA:29,1
DA:30,1
DA:31,3
DA:32,3
DA:33,3
DA:34,3
DA:35,1
DA:36,1
DA:37,1
DA:38,1
DA:39,1
DA:40,1
DA:41,1
DA:42,1
DA:43,1
DA:44,1
DA:45,1
DA:46,1
DA:47,1
DA:48,1
DA:49,1
DA:50,1
DA:51,1
DA:52,1
DA:53,1
LF:53
LH:53
BRDA:5,0,0,8
BRDA:8,1,0,17
BRDA:12,2,0,20
BRDA:19,3,0,8
BRDA:20,4,0,1
BRDA:24,5,0,4
BRDA:25,6,0,3
BRDA:30,7,0,3
BRDA:31,8,0,2
BRDA:36,9,0,1
BRDA:37,10,0,1
BRDA:38,11,0,1
BRDA:43,12,0,1
BRDA:44,13,0,1
BRF:14
BRH:14
end_of_record
TN:
SF:src\repositories\taskRepository\TaskRepository.ts
FN:5,get
FN:6,findByName
FN:36,create
FN:50,remove
FN:60,update
FNF:5
FNH:5
FNDA:11,get
FNDA:3,findByName
FNDA:14,create
FNDA:1,remove
FNDA:4,update
DA:1,1
DA:2,1
DA:3,1
DA:4,1
DA:5,1
DA:6,1
DA:7,3
DA:8,3
DA:9,3
DA:10,3
DA:11,3
DA:12,3
DA:13,3
DA:14,3
DA:15,3
DA:16,3
DA:17,3
DA:18,3
DA:19,3
DA:20,3
DA:21,3
DA:22,3
DA:23,3
DA:24,3
DA:25,3
DA:26,3
DA:27,3
DA:28,3
DA:29,3
DA:30,3
DA:31,3
DA:32,3
DA:33,3
DA:34,3
DA:35,1
DA:36,1
DA:37,14
DA:38,14
DA:39,14
DA:40,14
DA:41,14
DA:42,14
DA:43,14
DA:44,14
DA:45,14
DA:46,14
DA:47,14
DA:48,14
DA:49,1
DA:50,1
DA:51,1
DA:52,1
DA:53,1
DA:54,1
DA:55,1
DA:56,1
DA:57,1
DA:58,1
DA:59,1
DA:60,1
DA:61,4
DA:62,4
DA:63,4
DA:64,4
DA:65,4
DA:66,4
DA:67,4
DA:68,4
DA:69,4
DA:70,4
DA:71,4
DA:72,4
DA:73,4
DA:74,4
DA:75,1
LF:75
LH:75
BRDA:5,0,0,11
BRDA:6,1,0,3
BRDA:36,2,0,14
BRDA:50,3,0,1
BRDA:60,4,0,4
BRDA:68,5,0,1
BRF:6
BRH:6
end_of_record
TN:
SF:src\repositories\userRepository\UserRepository.ts
FN:6,get
FN:7,remove
FN:17,update
FN:29,findByEmail
FN:39,exists
FN:49,findById
FN:59,create
FNF:7
FNH:7
FNDA:15,get
FNDA:1,remove
FNDA:1,update
FNDA:3,findByEmail
FNDA:6,exists
FNDA:3,findById
FNDA:12,create
DA:1,1
DA:2,1
DA:3,1
DA:4,1
DA:5,1
DA:6,1
DA:7,1
DA:8,1
DA:9,1
DA:10,1
DA:11,1
DA:12,1
DA:13,1
DA:14,1
DA:15,1
DA:16,1
DA:17,1
DA:18,1
DA:19,1
DA:20,1
DA:21,1
DA:22,1
DA:23,1
DA:24,1
DA:25,1
DA:26,1
DA:27,1
DA:28,1
DA:29,1
DA:30,3
DA:31,3
DA:32,3
DA:33,3
DA:34,3
DA:35,3
DA:36,3
DA:37,3
DA:38,1
DA:39,1
DA:40,6
DA:41,6
DA:42,6
DA:43,6
DA:44,6
DA:45,6
DA:46,6
DA:47,6
DA:48,1
DA:49,1
DA:50,3
DA:51,3
DA:52,3
DA:53,3
DA:54,3
DA:55,3
DA:56,3
DA:57,3
DA:58,1
DA:59,1
DA:60,12
DA:61,12
DA:62,12
DA:63,12
DA:64,12
DA:65,12
DA:66,12
DA:67,12
DA:68,12
DA:69,12
DA:70,12
DA:71,1
LF:71
LH:71
BRDA:6,0,0,15
BRDA:7,1,0,1
BRDA:17,2,0,1
BRDA:29,3,0,3
BRDA:39,4,0,6
BRDA:49,5,0,3
BRDA:59,6,0,12
BRF:7
BRH:7
end_of_record
TN:
SF:src\useCases\index.ts
FN:52,authenticateUserController
FN:53,createUserController
FN:54,updateTaskController
FN:55,updateUserController
FN:56,removeUserController
FN:57,createTaskController
FN:58,findTasksByNameController
FN:59,removeTaskController
FNF:8
FNH:8
FNDA:5,authenticateUserController
FNDA:12,createUserController
FNDA:5,updateTaskController
FNDA:4,updateUserController
FNDA:2,removeUserController
FNDA:6,createTaskController
FNDA:3,findTasksByNameController
FNDA:1,removeTaskController
DA:1,1
DA:2,1
DA:3,1
DA:4,1
DA:5,1
DA:6,1
DA:7,1
DA:8,1
DA:9,1
DA:10,1
DA:11,1
DA:12,1
DA:13,1
DA:14,1
DA:15,1
DA:16,1
DA:17,1
DA:18,1
DA:19,1
DA:20,1
DA:21,1
DA:22,1
DA:23,1
DA:24,1
DA:25,1
DA:26,1
DA:27,1
DA:28,1
DA:29,1
DA:30,1
DA:31,1
DA:32,1
DA:33,1
DA:34,1
DA:35,1
DA:36,1
DA:37,1
DA:38,1
DA:39,1
DA:40,1
DA:41,1
DA:42,1
DA:43,1
DA:44,1
DA:45,1
DA:46,1
DA:47,1
DA:48,1
DA:49,1
DA:50,1
DA:51,1
DA:52,1
DA:53,1
DA:54,1
DA:55,1
DA:56,1
DA:57,1
DA:58,1
DA:59,1
DA:60,1
LF:60
LH:60
BRDA:52,0,0,5
BRDA:53,1,0,12
BRDA:54,2,0,5
BRDA:55,3,0,4
BRDA:56,4,0,2
BRDA:57,5,0,6
BRDA:58,6,0,3
BRDA:59,7,0,1
BRF:8
BRH:8
end_of_record
TN:
SF:src\useCases\authenticateUser\AuthenticateUserController.ts
FN:4,get
FN:7,handle
FN:5,AuthenticateUserController
FNF:3
FNH:3
FNDA:8,get
FNDA:5,handle
FNDA:8,AuthenticateUserController
DA:1,1
DA:2,1
DA:3,1
DA:4,1
DA:5,1
DA:6,1
DA:7,1
DA:8,5
DA:9,5
DA:10,5
DA:11,1
DA:12,1
DA:13,1
DA:14,1
LF:14
LH:14
BRDA:4,0,0,8
BRDA:7,1,0,5
BRDA:11,2,0,1
BRDA:5,3,0,8
BRF:4
BRH:4
end_of_record
TN:
SF:src\useCases\authenticateUser\AuthenticateUserUseCase.ts
FN:6,get
FN:9,execute
FN:7,AuthenticateUserUseCase
FNF:3
FNH:3
FNDA:9,get
FNDA:10,execute
FNDA:9,AuthenticateUserUseCase
DA:1,1
DA:2,1
DA:3,1
DA:4,1
DA:5,1
DA:6,1
DA:7,1
DA:8,1
DA:9,1
DA:10,10
DA:11,4
DA:12,4
DA:13,6
DA:14,6
DA:15,6
DA:16,10
DA:17,4
DA:18,4
DA:19,4
DA:20,10
DA:21,2
DA:22,2
DA:23,2
DA:24,2
DA:25,2
DA:26,2
DA:27,2
DA:28,2
DA:29,2
DA:30,2
DA:31,2
DA:32,2
DA:33,2
DA:34,1
LF:34
LH:34
BRDA:6,0,0,9
BRDA:9,1,0,10
BRDA:10,2,0,8
BRDA:10,3,0,4
BRDA:13,4,0,6
BRDA:16,5,0,2
BRDA:17,6,0,4
BRDA:20,7,0,2
BRDA:7,8,0,9
BRF:9
BRH:9
end_of_record
TN:
SF:src\useCases\createTask\CreateTaskController.ts
FN:5,get
FN:8,handle
FN:6,CreateTaskController
FNF:3
FNH:3
FNDA:8,get
FNDA:6,handle
FNDA:8,CreateTaskController
DA:1,1
DA:2,1
DA:3,1
DA:4,1
DA:5,1
DA:6,1
DA:7,1
DA:8,1
DA:9,6
DA:10,6
DA:11,6
DA:12,6
DA:13,6
DA:14,6
DA:15,6
DA:16,6
DA:17,6
DA:18,4
DA:19,4
DA:20,4
DA:21,1
LF:21
LH:21
BRDA:5,0,0,8
BRDA:8,1,0,6
BRDA:18,2,0,4
BRDA:6,3,0,8
BRF:4
BRH:4
end_of_record
TN:
SF:src\useCases\createTask\CreateTaskUseCase.ts
FN:5,get
FN:8,execute
FN:6,CreateTaskUseCase
FNF:3
FNH:3
FNDA:9,get
FNDA:12,execute
FNDA:9,CreateTaskUseCase
DA:1,1
DA:2,1
DA:3,1
DA:4,1
DA:5,1
DA:6,1
DA:7,1
DA:8,1
DA:9,12
DA:10,12
DA:11,12
DA:12,12
DA:13,12
DA:14,12
DA:15,12
DA:16,12
DA:17,12
DA:18,12
DA:19,12
DA:20,12
DA:21,12
DA:22,12
DA:23,12
DA:24,12
DA:25,8
DA:26,8
DA:27,8
DA:28,1
LF:28
LH:28
BRDA:5,0,0,9
BRDA:8,1,0,12
BRDA:25,2,0,8
BRDA:6,3,0,9
BRF:4
BRH:4
end_of_record
TN:
SF:src\useCases\createUser\CreateUserController.ts
FN:4,get
FN:6,handle
FN:5,CreateUserController
FNF:3
FNH:3
FNDA:8,get
FNDA:12,handle
FNDA:8,CreateUserController
DA:1,1
DA:2,1
DA:3,1
DA:4,1
DA:5,1
DA:6,1
DA:7,12
DA:8,12
DA:9,12
DA:10,12
DA:11,12
DA:12,12
DA:13,12
DA:14,12
DA:15,12
DA:16,5
DA:17,5
DA:18,5
DA:19,1
LF:19
LH:19
BRDA:4,0,0,8
BRDA:6,1,0,12
BRDA:16,2,0,5
BRDA:5,3,0,8
BRF:4
BRH:4
end_of_record
TN:
SF:src\useCases\createUser\CreateUserUseCase.ts
FN:11,get
FN:14,execute
FN:12,CreateUserUseCase
FNF:3
FNH:3
FNDA:14,get
FNDA:26,execute
FNDA:14,CreateUserUseCase
DA:1,1
DA:2,1
DA:3,1
DA:4,1
DA:5,1
DA:6,1
DA:7,1
DA:8,1
DA:9,1
DA:10,1
DA:11,1
DA:12,1
DA:13,1
DA:14,1
DA:15,26
DA:16,26
DA:17,26
DA:18,26
DA:19,26
DA:20,26
DA:21,26
DA:22,26
DA:23,26
DA:24,26
DA:25,2
DA:26,2
DA:27,2
DA:28,2
DA:29,20
DA:30,20
DA:31,20
DA:32,26
DA:33,2
DA:34,2
DA:35,18
DA:36,26
DA:37,1
DA:38,1
DA:39,1
DA:40,1
DA:41,17
DA:42,17
DA:43,17
DA:44,26
DA:45,2
DA:46,2
DA:47,12
DA:48,12
DA:49,12
DA:50,12
DA:51,12
DA:52,12
DA:53,12
DA:54,12
DA:55,12
DA:56,12
DA:57,12
DA:58,12
DA:59,1
LF:59
LH:59
BRDA:11,0,0,14
BRDA:14,1,0,26
BRDA:24,2,0,2
BRDA:29,3,0,20
BRDA:32,4,0,2
BRDA:35,5,0,18
BRDA:36,6,0,1
BRDA:41,7,0,17
BRDA:44,8,0,14
BRDA:44,9,0,19
BRDA:44,10,0,2
BRDA:47,11,0,12
BRDA:12,12,0,14
BRF:13
BRH:13
end_of_record
TN:
SF:src\useCases\findTasksByName\FindTasksByNameController.ts
FN:4,get
FN:7,handle
FN:5,FindTasksByNameController
FNF:3
FNH:3
FNDA:8,get
FNDA:3,handle
FNDA:8,FindTasksByNameController
DA:1,1
DA:2,1
DA:3,1
DA:4,1
DA:5,1
DA:6,1
DA:7,1
DA:8,3
DA:9,3
DA:10,3
DA:11,3
DA:12,3
DA:13,3
DA:14,3
DA:15,3
DA:16,3
DA:17,3
DA:18,3
DA:19,3
DA:20,1
LF:20
LH:20
BRDA:4,0,0,8
BRDA:7,1,0,3
BRDA:9,2,0,2
BRDA:10,3,0,2
BRDA:5,4,0,8
BRF:5
BRH:5
end_of_record
TN:
SF:src\useCases\findTasksByName\FindTasksByNameUseCase.ts
FN:4,get
FN:7,execute
FN:5,FindTasksByNameUseCase
FNF:3
FNH:3
FNDA:9,get
FNDA:6,execute
FNDA:9,FindTasksByNameUseCase
DA:1,1
DA:2,1
DA:3,1
DA:4,1
DA:5,1
DA:6,1
DA:7,1
DA:8,6
DA:9,6
DA:10,6
DA:11,5
DA:12,5
DA:13,5
DA:14,1
LF:14
LH:14
BRDA:4,0,0,9
BRDA:7,1,0,6
BRDA:11,2,0,5
BRDA:5,3,0,9
BRF:4
BRH:4
end_of_record
TN:
SF:src\useCases\removeTask\RemoveTaskController.ts
FN:4,get
FN:7,handle
FN:5,RemoveTaskController
FNF:3
FNH:3
FNDA:8,get
FNDA:1,handle
FNDA:8,RemoveTaskController
DA:1,1
DA:2,1
DA:3,1
DA:4,1
DA:5,1
DA:6,1
DA:7,1
DA:8,1
DA:9,1
DA:10,1
DA:11,1
DA:12,1
DA:13,1
DA:14,1
LF:14
LH:14
BRDA:4,0,0,8
BRDA:7,1,0,1
BRDA:5,2,0,8
BRF:3
BRH:3
end_of_record
TN:
SF:src\useCases\removeTask\RemoveTaskUseCase.ts
FN:4,get
FN:7,execute
FN:5,RemoveTaskUseCase
FNF:3
FNH:3
FNDA:9,get
FNDA:3,execute
FNDA:9,RemoveTaskUseCase
DA:1,1
DA:2,1
DA:3,1
DA:4,1
DA:5,1
DA:6,1
DA:7,1
DA:8,3
DA:9,3
DA:10,3
DA:11,2
DA:12,2
DA:13,2
DA:14,1
LF:14
LH:14
BRDA:4,0,0,9
BRDA:7,1,0,3
BRDA:11,2,0,2
BRDA:5,3,0,9
BRF:4
BRH:4
end_of_record
TN:
SF:src\useCases\removeUser\RemoveUserController.ts
FN:4,get
FN:7,handle
FN:5,RemoveUserController
FNF:3
FNH:3
FNDA:8,get
FNDA:2,handle
FNDA:8,RemoveUserController
DA:1,1
DA:2,1
DA:3,1
DA:4,1
DA:5,1
DA:6,1
DA:7,1
DA:8,2
DA:9,2
DA:10,2
DA:11,1
DA:12,1
DA:13,1
DA:14,1
LF:14
LH:14
BRDA:4,0,0,8
BRDA:7,1,0,2
BRDA:11,2,0,1
BRDA:5,3,0,8
BRF:4
BRH:4
end_of_record
TN:
SF:src\useCases\removeUser\RemoveUserUseCase.ts
FN:4,get
FN:7,execute
FN:5,RemoveUserUseCase
FNF:3
FNH:3
FNDA:9,get
FNDA:5,execute
FNDA:9,RemoveUserUseCase
DA:1,1
DA:2,1
DA:3,1
DA:4,1
DA:5,1
DA:6,1
DA:7,1
DA:8,5
DA:9,1
DA:10,1
DA:11,4
DA:12,4
DA:13,4
DA:14,5
DA:15,2
DA:16,2
DA:17,2
DA:18,2
DA:19,2
DA:20,2
DA:21,2
DA:22,1
LF:22
LH:22
BRDA:4,0,0,9
BRDA:7,1,0,5
BRDA:8,2,0,1
BRDA:11,3,0,4
BRDA:14,4,0,2
BRDA:5,5,0,9
BRF:6
BRH:6
end_of_record
TN:
SF:src\useCases\updateTask\UpdateTaskController.ts
FN:4,get
FN:7,handle
FN:5,UpdateTaskController
FNF:3
FNH:3
FNDA:8,get
FNDA:5,handle
FNDA:8,UpdateTaskController
DA:1,1
DA:2,1
DA:3,1
DA:4,1
DA:5,1
DA:6,1
DA:7,1
DA:8,5
DA:9,5
DA:10,5
DA:11,5
DA:12,5
DA:13,5
DA:14,5
DA:15,5
DA:16,5
DA:17,5
DA:18,4
DA:19,4
DA:20,4
DA:21,1
LF:21
LH:21
BRDA:4,0,0,8
BRDA:7,1,0,5
BRDA:18,2,0,4
BRDA:5,3,0,8
BRF:4
BRH:4
end_of_record
TN:
SF:src\useCases\updateTask\UpdateTaskUseCase.ts
FN:5,get
FN:8,execute
FN:6,UpdateTaskUseCase
FNF:3
FNH:3
FNDA:9,get
FNDA:8,execute
FNDA:9,UpdateTaskUseCase
DA:1,1
DA:2,1
DA:3,1
DA:4,1
DA:5,1
DA:6,1
DA:7,1
DA:8,1
DA:9,8
DA:10,8
DA:11,8
DA:12,8
DA:13,8
DA:14,8
DA:15,8
DA:16,8
DA:17,8
DA:18,8
DA:19,8
DA:20,8
DA:21,8
DA:22,8
DA:23,8
DA:24,8
DA:25,8
DA:26,5
DA:27,5
DA:28,5
DA:29,1
LF:29
LH:29
BRDA:5,0,0,9
BRDA:8,1,0,8
BRDA:26,2,0,5
BRDA:6,3,0,9
BRF:4
BRH:4
end_of_record
TN:
SF:src\useCases\updateUser\UpdateUserController.ts
FN:4,get
FN:7,handle
FN:5,UpdateUserController
FNF:3
FNH:3
FNDA:8,get
FNDA:4,handle
FNDA:8,UpdateUserController
DA:1,1
DA:2,1
DA:3,1
DA:4,1
DA:5,1
DA:6,1
DA:7,1
DA:8,4
DA:9,4
DA:10,4
DA:11,4
DA:12,1
DA:13,1
DA:14,1
DA:15,1
LF:15
LH:15
BRDA:4,0,0,8
BRDA:7,1,0,4
BRDA:12,2,0,1
BRDA:5,3,0,8
BRF:4
BRH:4
end_of_record
TN:
SF:src\useCases\updateUser\UpdateUserUseCase.ts
FN:5,get
FN:8,execute
FN:6,UpdateUserUseCase
FNF:3
FNH:3
FNDA:9,get
FNDA:8,execute
FNDA:9,UpdateUserUseCase
DA:1,1
DA:2,1
DA:3,1
DA:4,1
DA:5,1
DA:6,1
DA:7,1
DA:8,1
DA:9,8
DA:10,8
DA:11,8
DA:12,2
DA:13,2
DA:14,2
DA:15,2
DA:16,4
DA:17,4
DA:18,4
DA:19,8
DA:20,2
DA:21,2
DA:22,2
DA:23,2
DA:24,2
DA:25,2
DA:26,2
DA:27,2
DA:28,2
DA:29,1
LF:29
LH:29
BRDA:5,0,0,9
BRDA:8,1,0,8
BRDA:11,2,0,2
BRDA:16,3,0,4
BRDA:19,4,0,2
BRDA:6,5,0,9
BRF:6
BRH:6
end_of_record
TN:
SF:src\utils\helpers.ts
FN:3,get
FN:3,encryptPassword
FNF:2
FNH:2
FNDA:12,get
FNDA:12,encryptPassword
DA:1,1
DA:2,1
DA:3,1
DA:4,12
DA:5,12
DA:6,12
DA:7,12
DA:8,12
DA:9,12
LF:9
LH:9
BRDA:3,0,0,12
BRDA:3,1,0,12
BRF:2
BRH:2
end_of_record
TN:
SF:src\utils\validators.ts
FN:3,isEmptyObject
FN:7,validateEmail
FN:15,existsOrError
FN:23,notExistsOrError
FN:32,equalsOrError
FN:3,isEmptyObject
FN:7,validateEmail
FN:15,existsOrError
FN:23,notExistsOrError
FN:32,equalsOrError
FNF:10
FNH:6
FNDA:0,isEmptyObject
FNDA:24,validateEmail
FNDA:82,existsOrError
FNDA:0,notExistsOrError
FNDA:17,equalsOrError
FNDA:0,isEmptyObject
FNDA:24,validateEmail
FNDA:82,existsOrError
FNDA:0,notExistsOrError
FNDA:17,equalsOrError
DA:1,1
DA:2,1
DA:3,1
DA:4,0
DA:5,0
DA:6,1
DA:7,1
DA:8,24
DA:9,24
DA:10,24
DA:11,24
DA:12,24
DA:13,24
DA:14,1
DA:15,1
DA:16,82
DA:17,82
DA:18,82
DA:19,82
DA:20,82
DA:21,82
DA:22,1
DA:23,1
DA:24,0
DA:25,0
DA:26,0
DA:27,0
DA:28,0
DA:29,0
DA:30,0
DA:31,1
DA:32,1
DA:33,17
DA:34,17
LF:34
LH:25
BRDA:7,0,0,24
BRDA:15,1,0,82
BRDA:32,2,0,17
BRDA:7,3,0,24
BRDA:12,4,0,2
BRDA:15,5,0,82
BRDA:16,6,0,81
BRDA:16,7,0,13
BRDA:17,8,0,69
BRDA:17,9,0,0
BRDA:18,10,0,0
BRDA:19,11,0,71
BRDA:19,12,0,69
BRDA:19,13,0,67
BRDA:20,14,0,0
BRDA:32,15,0,17
BRDA:33,16,0,3
BRF:17
BRH:14
end_of_record
